<?xml version="1.0" encoding="UTF-8"?>
<!-- Generated by org.testng.reporters.JUnitXMLReporter -->
<testsuite ignored="0" hostname="Tanveer-QA" failures="20" tests="34" name="BingoAdminPanel" time="108.712" errors="0" timestamp="2025-07-11T12:25:40 PKT">
  <testcase classname="api.testcases.Adminavatartestcase" name="testadminavatarcreate" time="0.698"/>
  <testcase classname="api.testcases.Adminavatartestcase" name="testadminavatarcreate" time="0.64"/>
  <testcase classname="api.testcases.Adminavatartestcase" name="testadminavatarfetch" time="0.663"/>
  <testcase classname="api.testcases.Adminavatartestcase" name="testadminavatarupdate" time="1.389"/>
  <testcase classname="api.testcases.Adminavatartestcase" name="testadminavatardelete" time="1.895"/>
  <testcase classname="api.testcases.Admindashboardtestcase" name="testadmindashboard" time="1.413"/>
  <testcase classname="api.testcases.Adminusertestcase" name="testadminuserfetch" time="0.617"/>
  <testcase classname="api.testcases.Adminusertestcase" name="testadminuserfetchbyid" time="1.287"/>
  <testcase classname="api.testcases.Admincurrencytestcase" name="testadmincurrencyfetch" time="0.626"/>
  <testcase classname="api.testcases.Admincurrencytestcase" name="testadmicurrencyupdate" time="1.32"/>
  <testcase classname="api.testcases.Adminpointswagertestcase" name="testadminpointwagercreate" time="0.628"/>
  <testcase classname="api.testcases.Adminpointswagertestcase" name="testadminpointwagerfetch" time="0.638"/>
  <testcase classname="api.testcases.Adminpointswagertestcase" name="testadminpointwagerupdate" time="1.264"/>
  <testcase classname="api.testcases.Adminpointswagertestcase" name="testadminpointwagerdelete" time="1.253"/>
  <testcase classname="api.testcases.Adminsignintestcase" name="testadminsignin" time="0.681">
    <failure type="java.lang.AssertionError" message="expected [201] but found [429]">
      <![CDATA[java.lang.AssertionError: expected [201] but found [429]
at api.testcases.Adminsignintestcase.testadminsignin(Adminsignintestcase.java:36)
at java.base/java.util.ArrayList.forEach(ArrayList.java:1596)
... Removed 32 stack frames]]>
    </failure>
  </testcase> <!-- testadminsignin -->
  <testcase classname="api.testcases.Adminpoweruptestcase" name="testadminpowerupcreate" time="0.606">
    <failure type="java.lang.AssertionError" message="expected [201] but found [401]">
      <![CDATA[java.lang.AssertionError: expected [201] but found [401]
at api.testcases.Adminpoweruptestcase.testadminpowerupcreate(Adminpoweruptestcase.java:72)
at java.base/java.util.ArrayList.forEach(ArrayList.java:1596)
... Removed 32 stack frames]]>
    </failure>
  </testcase> <!-- testadminpowerupcreate -->
  <testcase classname="api.testcases.Adminpoweruptestcase" name="testadminpowerupcreate" time="0.624">
    <failure type="java.lang.AssertionError" message="expected [201] but found [401]">
      <![CDATA[java.lang.AssertionError: expected [201] but found [401]
at api.testcases.Adminpoweruptestcase.testadminpowerupcreate(Adminpoweruptestcase.java:72)
at java.base/java.util.ArrayList.forEach(ArrayList.java:1596)
... Removed 32 stack frames]]>
    </failure>
  </testcase> <!-- testadminpowerupcreate -->
  <testcase classname="api.testcases.Adminpoweruptestcase" name="testadminpowerupcreate" time="0.625">
    <failure type="java.lang.AssertionError" message="expected [201] but found [401]">
      <![CDATA[java.lang.AssertionError: expected [201] but found [401]
at api.testcases.Adminpoweruptestcase.testadminpowerupcreate(Adminpoweruptestcase.java:72)
at java.base/java.util.ArrayList.forEach(ArrayList.java:1596)
... Removed 32 stack frames]]>
    </failure>
  </testcase> <!-- testadminpowerupcreate -->
  <testcase classname="api.testcases.Adminpoweruptestcase" name="testadminpowerupfetch" time="0.617">
    <failure type="java.lang.AssertionError" message="expected [200] but found [401]">
      <![CDATA[java.lang.AssertionError: expected [200] but found [401]
at api.testcases.Adminpoweruptestcase.testadminpowerupfetch(Adminpoweruptestcase.java:88)
at java.base/java.util.ArrayList.forEach(ArrayList.java:1596)
... Removed 32 stack frames]]>
    </failure>
  </testcase> <!-- testadminpowerupfetch -->
  <testcase classname="api.testcases.Adminpoweruptestcase" name="testadminpowerupupdate" time="1.288">
    <failure type="java.lang.AssertionError" message="expected [200] but found [401]">
      <![CDATA[java.lang.AssertionError: expected [200] but found [401]
at api.testcases.Adminpoweruptestcase.testadminpowerupupdate(Adminpoweruptestcase.java:117)
at java.base/java.util.ArrayList.forEach(ArrayList.java:1596)
... Removed 32 stack frames]]>
    </failure>
  </testcase> <!-- testadminpowerupupdate -->
  <testcase classname="api.testcases.Adminpoweruptestcase" name="testadminpowerpdelete" time="0.641">
    <failure type="java.lang.NullPointerException" message="Cannot invoke &amp;quot;java.util.List.size()&amp;quot; because &amp;quot;ids&amp;quot; is null">
      <![CDATA[java.lang.NullPointerException: Cannot invoke "java.util.List.size()" because "ids" is null
at api.testcases.Adminpoweruptestcase.testadminpowerpdelete(Adminpoweruptestcase.java:127)
at java.base/java.util.ArrayList.forEach(ArrayList.java:1596)
... Removed 25 stack frames]]>
    </failure>
  </testcase> <!-- testadminpowerpdelete -->
  <testcase classname="api.testcases.Admindailyrewardtestcase" name="testadmindailyrewardcreate" time="0.656">
    <failure type="java.lang.AssertionError" message="expected [201] but found [401]">
      <![CDATA[java.lang.AssertionError: expected [201] but found [401]
at api.testcases.Admindailyrewardtestcase.testadmindailyrewardcreate(Admindailyrewardtestcase.java:68)
at java.base/java.util.ArrayList.forEach(ArrayList.java:1596)
... Removed 32 stack frames]]>
    </failure>
  </testcase> <!-- testadmindailyrewardcreate -->
  <testcase classname="api.testcases.Admindailyrewardtestcase" name="testadmindailyrewardcreate" time="0.637">
    <failure type="java.lang.AssertionError" message="expected [201] but found [401]">
      <![CDATA[java.lang.AssertionError: expected [201] but found [401]
at api.testcases.Admindailyrewardtestcase.testadmindailyrewardcreate(Admindailyrewardtestcase.java:68)
at java.base/java.util.ArrayList.forEach(ArrayList.java:1596)
... Removed 32 stack frames]]>
    </failure>
  </testcase> <!-- testadmindailyrewardcreate -->
  <testcase classname="api.testcases.Admindailyrewardtestcase" name="testadmindailyrewardcreate" time="0.623">
    <failure type="java.lang.AssertionError" message="expected [201] but found [401]">
      <![CDATA[java.lang.AssertionError: expected [201] but found [401]
at api.testcases.Admindailyrewardtestcase.testadmindailyrewardcreate(Admindailyrewardtestcase.java:68)
at java.base/java.util.ArrayList.forEach(ArrayList.java:1596)
... Removed 32 stack frames]]>
    </failure>
  </testcase> <!-- testadmindailyrewardcreate -->
  <testcase classname="api.testcases.Admindailyrewardtestcase" name="testadmindailyrewardfetch" time="0.6">
    <failure type="java.lang.AssertionError" message="expected [200] but found [401]">
      <![CDATA[java.lang.AssertionError: expected [200] but found [401]
at api.testcases.Admindailyrewardtestcase.testadmindailyrewardfetch(Admindailyrewardtestcase.java:84)
at java.base/java.util.ArrayList.forEach(ArrayList.java:1596)
... Removed 32 stack frames]]>
    </failure>
  </testcase> <!-- testadmindailyrewardfetch -->
  <testcase classname="api.testcases.Admindailyrewardtestcase" name="testadmindailyrewardupdate" time="1.269">
    <failure type="java.lang.AssertionError" message="expected [200] but found [401]">
      <![CDATA[java.lang.AssertionError: expected [200] but found [401]
at api.testcases.Admindailyrewardtestcase.testadmindailyrewardupdate(Admindailyrewardtestcase.java:111)
at java.base/java.util.ArrayList.forEach(ArrayList.java:1596)
... Removed 32 stack frames]]>
    </failure>
  </testcase> <!-- testadmindailyrewardupdate -->
  <testcase classname="api.testcases.Admindailyrewardtestcase" name="testadmindailyrewarddelete" time="0.679">
    <failure type="java.lang.NullPointerException" message="Cannot invoke &amp;quot;java.util.List.size()&amp;quot; because &amp;quot;ids&amp;quot; is null">
      <![CDATA[java.lang.NullPointerException: Cannot invoke "java.util.List.size()" because "ids" is null
at api.testcases.Admindailyrewardtestcase.testadmindailyrewarddelete(Admindailyrewardtestcase.java:124)
at java.base/java.util.ArrayList.forEach(ArrayList.java:1596)
... Removed 25 stack frames]]>
    </failure>
  </testcase> <!-- testadmindailyrewarddelete -->
  <testcase classname="api.testcases.Adminleaderboardtestcase" name="testadminleaderboard" time="1.236">
    <failure type="java.lang.AssertionError" message="expected [200] but found [401]">
      <![CDATA[java.lang.AssertionError: expected [200] but found [401]
at api.testcases.Adminleaderboardtestcase.testadminleaderboard(Adminleaderboardtestcase.java:48)
at java.base/java.util.ArrayList.forEach(ArrayList.java:1596)
... Removed 32 stack frames]]>
    </failure>
  </testcase> <!-- testadminleaderboard -->
  <testcase classname="api.testcases.Adminspinrewardtestcase" name="testadminspinrewardcreate" time="0.606">
    <failure type="java.lang.AssertionError" message="expected [201] but found [401]">
      <![CDATA[java.lang.AssertionError: expected [201] but found [401]
at api.testcases.Adminspinrewardtestcase.testadminspinrewardcreate(Adminspinrewardtestcase.java:67)
at java.base/java.util.ArrayList.forEach(ArrayList.java:1596)
... Removed 32 stack frames]]>
    </failure>
  </testcase> <!-- testadminspinrewardcreate -->
  <testcase classname="api.testcases.Adminspinrewardtestcase" name="testadminspinrewardcreate" time="0.645">
    <failure type="java.lang.AssertionError" message="expected [201] but found [401]">
      <![CDATA[java.lang.AssertionError: expected [201] but found [401]
at api.testcases.Adminspinrewardtestcase.testadminspinrewardcreate(Adminspinrewardtestcase.java:67)
at java.base/java.util.ArrayList.forEach(ArrayList.java:1596)
... Removed 32 stack frames]]>
    </failure>
  </testcase> <!-- testadminspinrewardcreate -->
  <testcase classname="api.testcases.Adminspinrewardtestcase" name="testadminspinrewardcreate" time="0.612">
    <failure type="java.lang.AssertionError" message="expected [201] but found [401]">
      <![CDATA[java.lang.AssertionError: expected [201] but found [401]
at api.testcases.Adminspinrewardtestcase.testadminspinrewardcreate(Adminspinrewardtestcase.java:67)
at java.base/java.util.ArrayList.forEach(ArrayList.java:1596)
... Removed 32 stack frames]]>
    </failure>
  </testcase> <!-- testadminspinrewardcreate -->
  <testcase classname="api.testcases.Adminspinrewardtestcase" name="testadminspinrewardfetch" time="0.648">
    <failure type="java.lang.AssertionError" message="expected [200] but found [401]">
      <![CDATA[java.lang.AssertionError: expected [200] but found [401]
at api.testcases.Adminspinrewardtestcase.testadminspinrewardfetch(Adminspinrewardtestcase.java:83)
at java.base/java.util.ArrayList.forEach(ArrayList.java:1596)
... Removed 32 stack frames]]>
    </failure>
  </testcase> <!-- testadminspinrewardfetch -->
  <testcase classname="api.testcases.Adminspinrewardtestcase" name="testadminspinrewardupdate" time="1.29">
    <failure type="java.lang.AssertionError" message="expected [200] but found [401]">
      <![CDATA[java.lang.AssertionError: expected [200] but found [401]
at api.testcases.Adminspinrewardtestcase.testadminspinrewardupdate(Adminspinrewardtestcase.java:111)
at java.base/java.util.ArrayList.forEach(ArrayList.java:1596)
... Removed 32 stack frames]]>
    </failure>
  </testcase> <!-- testadminspinrewardupdate -->
  <testcase classname="api.testcases.Adminspinrewardtestcase" name="testadminspinrewarddelete" time="0.65">
    <failure type="java.lang.NullPointerException" message="Cannot invoke &amp;quot;java.util.List.size()&amp;quot; because &amp;quot;ids&amp;quot; is null">
      <![CDATA[java.lang.NullPointerException: Cannot invoke "java.util.List.size()" because "ids" is null
at api.testcases.Adminspinrewardtestcase.testadminspinrewarddelete(Adminspinrewardtestcase.java:122)
at java.base/java.util.ArrayList.forEach(ArrayList.java:1596)
... Removed 25 stack frames]]>
    </failure>
  </testcase> <!-- testadminspinrewarddelete -->
</testsuite> <!-- BingoAdminPanel -->
