<?xml version="1.0" encoding="UTF-8"?>
<!-- Generated by org.testng.reporters.JUnitXMLReporter -->
<testsuite ignored="0" hostname="Tanveer-QA" failures="2" tests="34" name="BingoAdminPanel" time="138.234" errors="0" timestamp="2025-07-14T13:48:04 PKT">
  <testcase classname="api.testcases.Adminavatartestcase" name="testadminavatarcreate" time="0.722"/>
  <testcase classname="api.testcases.Adminavatartestcase" name="testadminavatarcreate" time="0.657"/>
  <testcase classname="api.testcases.Adminavatartestcase" name="testadminavatarfetch" time="0.763"/>
  <testcase classname="api.testcases.Adminavatartestcase" name="testadminavatarupdate" time="1.586"/>
  <testcase classname="api.testcases.Adminavatartestcase" name="testadminavatardelete" time="2.01"/>
  <testcase classname="api.testcases.Admindashboardtestcase" name="testadmindashboard" time="1.402">
    <failure type="java.lang.AssertionError" message="expected [200] but found [400]">
      <![CDATA[java.lang.AssertionError: expected [200] but found [400]
at api.testcases.Admindashboardtestcase.testadmindashboard(Admindashboardtestcase.java:49)
at java.base/java.util.ArrayList.forEach(ArrayList.java:1511)
... Removed 34 stack frames]]>
    </failure>
  </testcase> <!-- testadmindashboard -->
  <testcase classname="api.testcases.Adminusertestcase" name="testadminuserfetch" time="0.727"/>
  <testcase classname="api.testcases.Adminusertestcase" name="testadminuserfetchbyid" time="1.353"/>
  <testcase classname="api.testcases.Admincurrencytestcase" name="testadmincurrencyfetch" time="0.678"/>
  <testcase classname="api.testcases.Admincurrencytestcase" name="testadmicurrencyupdate" time="1.392"/>
  <testcase classname="api.testcases.Adminpointswagertestcase" name="testadminpointwagercreate" time="0.648"/>
  <testcase classname="api.testcases.Adminpointswagertestcase" name="testadminpointwagerfetch" time="0.74"/>
  <testcase classname="api.testcases.Adminpointswagertestcase" name="testadminpointwagerupdate" time="1.297"/>
  <testcase classname="api.testcases.Adminpointswagertestcase" name="testadminpointwagerdelete" time="1.404"/>
  <testcase classname="api.testcases.Adminsignintestcase" name="testadminsignin" time="20.795">
    <failure type="java.lang.AssertionError" message="expected [201] but found [200]">
      <![CDATA[java.lang.AssertionError: expected [201] but found [200]
at api.testcases.Adminsignintestcase.testadminsignin(Adminsignintestcase.java:36)
at java.base/java.util.ArrayList.forEach(ArrayList.java:1511)
... Removed 34 stack frames]]>
    </failure>
  </testcase> <!-- testadminsignin -->
  <testcase classname="api.testcases.Adminpoweruptestcase" name="testadminpowerupcreate" time="0.671"/>
  <testcase classname="api.testcases.Adminpoweruptestcase" name="testadminpowerupcreate" time="0.625"/>
  <testcase classname="api.testcases.Adminpoweruptestcase" name="testadminpowerupcreate" time="0.638"/>
  <testcase classname="api.testcases.Adminpoweruptestcase" name="testadminpowerupfetch" time="0.663"/>
  <testcase classname="api.testcases.Adminpoweruptestcase" name="testadminpowerupupdate" time="1.308"/>
  <testcase classname="api.testcases.Adminpoweruptestcase" name="testadminpowerpdelete" time="2.648"/>
  <testcase classname="api.testcases.Admindailyrewardtestcase" name="testadmindailyrewardcreate" time="0.647"/>
  <testcase classname="api.testcases.Admindailyrewardtestcase" name="testadmindailyrewardcreate" time="0.647"/>
  <testcase classname="api.testcases.Admindailyrewardtestcase" name="testadmindailyrewardcreate" time="0.631"/>
  <testcase classname="api.testcases.Admindailyrewardtestcase" name="testadmindailyrewardfetch" time="0.654"/>
  <testcase classname="api.testcases.Admindailyrewardtestcase" name="testadmindailyrewardupdate" time="1.325"/>
  <testcase classname="api.testcases.Admindailyrewardtestcase" name="testadmindailyrewarddelete" time="2.645"/>
  <testcase classname="api.testcases.Adminleaderboardtestcase" name="testadminleaderboard" time="1.397"/>
  <testcase classname="api.testcases.Adminspinrewardtestcase" name="testadminspinrewardcreate" time="0.644"/>
  <testcase classname="api.testcases.Adminspinrewardtestcase" name="testadminspinrewardcreate" time="0.684"/>
  <testcase classname="api.testcases.Adminspinrewardtestcase" name="testadminspinrewardcreate" time="0.651"/>
  <testcase classname="api.testcases.Adminspinrewardtestcase" name="testadminspinrewardfetch" time="0.659"/>
  <testcase classname="api.testcases.Adminspinrewardtestcase" name="testadminspinrewardupdate" time="1.283"/>
  <testcase classname="api.testcases.Adminspinrewardtestcase" name="testadminspinrewarddelete" time="2.594"/>
</testsuite> <!-- BingoAdminPanel -->
