<?xml version="1.0" encoding="UTF-8"?>
<!-- Generated by org.testng.reporters.JUnitXMLReporter -->
<testsuite ignored="0" hostname="Tanveer-QA" failures="0" tests="34" name="BingoAdminPanel" time="134.452" errors="0" timestamp="2025-07-11T12:34:21 PKT">
  <testcase classname="api.testcases.Adminavatartestcase" name="testadminavatarcreate" time="0.688"/>
  <testcase classname="api.testcases.Adminavatartestcase" name="testadminavatarcreate" time="0.673"/>
  <testcase classname="api.testcases.Adminavatartestcase" name="testadminavatarfetch" time="0.698"/>
  <testcase classname="api.testcases.Adminavatartestcase" name="testadminavatarupdate" time="1.405"/>
  <testcase classname="api.testcases.Adminavatartestcase" name="testadminavatardelete" time="1.878"/>
  <testcase classname="api.testcases.Admindashboardtestcase" name="testadmindashboard" time="1.314"/>
  <testcase classname="api.testcases.Adminusertestcase" name="testadminuserfetch" time="0.643"/>
  <testcase classname="api.testcases.Adminusertestcase" name="testadminuserfetchbyid" time="1.356"/>
  <testcase classname="api.testcases.Admincurrencytestcase" name="testadmincurrencyfetch" time="0.628"/>
  <testcase classname="api.testcases.Admincurrencytestcase" name="testadmicurrencyupdate" time="1.289"/>
  <testcase classname="api.testcases.Adminpointswagertestcase" name="testadminpointwagercreate" time="0.646"/>
  <testcase classname="api.testcases.Adminpointswagertestcase" name="testadminpointwagerfetch" time="0.718"/>
  <testcase classname="api.testcases.Adminpointswagertestcase" name="testadminpointwagerupdate" time="1.306"/>
  <testcase classname="api.testcases.Adminpointswagertestcase" name="testadminpointwagerdelete" time="1.272"/>
  <testcase classname="api.testcases.Adminsignintestcase" name="testadminsignin" time="20.738"/>
  <testcase classname="api.testcases.Adminpoweruptestcase" name="testadminpowerupcreate" time="0.652"/>
  <testcase classname="api.testcases.Adminpoweruptestcase" name="testadminpowerupcreate" time="0.65"/>
  <testcase classname="api.testcases.Adminpoweruptestcase" name="testadminpowerupcreate" time="0.64"/>
  <testcase classname="api.testcases.Adminpoweruptestcase" name="testadminpowerupfetch" time="0.661"/>
  <testcase classname="api.testcases.Adminpoweruptestcase" name="testadminpowerupupdate" time="1.301"/>
  <testcase classname="api.testcases.Adminpoweruptestcase" name="testadminpowerpdelete" time="2.592"/>
  <testcase classname="api.testcases.Admindailyrewardtestcase" name="testadmindailyrewardcreate" time="0.613"/>
  <testcase classname="api.testcases.Admindailyrewardtestcase" name="testadmindailyrewardcreate" time="0.622"/>
  <testcase classname="api.testcases.Admindailyrewardtestcase" name="testadmindailyrewardcreate" time="0.634"/>
  <testcase classname="api.testcases.Admindailyrewardtestcase" name="testadmindailyrewardfetch" time="0.646"/>
  <testcase classname="api.testcases.Admindailyrewardtestcase" name="testadmindailyrewardupdate" time="1.303"/>
  <testcase classname="api.testcases.Admindailyrewardtestcase" name="testadmindailyrewarddelete" time="2.532"/>
  <testcase classname="api.testcases.Adminleaderboardtestcase" name="testadminleaderboard" time="1.296"/>
  <testcase classname="api.testcases.Adminspinrewardtestcase" name="testadminspinrewardcreate" time="0.635"/>
  <testcase classname="api.testcases.Adminspinrewardtestcase" name="testadminspinrewardcreate" time="0.66"/>
  <testcase classname="api.testcases.Adminspinrewardtestcase" name="testadminspinrewardcreate" time="0.615"/>
  <testcase classname="api.testcases.Adminspinrewardtestcase" name="testadminspinrewardfetch" time="0.639"/>
  <testcase classname="api.testcases.Adminspinrewardtestcase" name="testadminspinrewardupdate" time="1.309"/>
  <testcase classname="api.testcases.Adminspinrewardtestcase" name="testadminspinrewarddelete" time="2.551"/>
</testsuite> <!-- BingoAdminPanel -->
