<?xml version="1.0" encoding="UTF-8"?>
<!-- Generated by org.testng.reporters.JUnitXMLReporter -->
<testsuite ignored="0" hostname="Tanveer-QA" failures="0" tests="34" name="BingoAdminPanel" time="148.163" errors="0" timestamp="2025-07-11T13:44:44 PKT">
  <testcase classname="api.testcases.Adminavatartestcase" name="testadminavatarcreate" time="0.719"/>
  <testcase classname="api.testcases.Adminavatartestcase" name="testadminavatarcreate" time="0.972"/>
  <testcase classname="api.testcases.Adminavatartestcase" name="testadminavatarfetch" time="0.846"/>
  <testcase classname="api.testcases.Adminavatartestcase" name="testadminavatarupdate" time="1.761"/>
  <testcase classname="api.testcases.Adminavatartestcase" name="testadminavatardelete" time="2.298"/>
  <testcase classname="api.testcases.Admindashboardtestcase" name="testadmindashboard" time="1.865"/>
  <testcase classname="api.testcases.Adminusertestcase" name="testadminuserfetch" time="0.69"/>
  <testcase classname="api.testcases.Adminusertestcase" name="testadminuserfetchbyid" time="1.475"/>
  <testcase classname="api.testcases.Admincurrencytestcase" name="testadmincurrencyfetch" time="0.876"/>
  <testcase classname="api.testcases.Admincurrencytestcase" name="testadmicurrencyupdate" time="1.857"/>
  <testcase classname="api.testcases.Adminpointswagertestcase" name="testadminpointwagercreate" time="0.919"/>
  <testcase classname="api.testcases.Adminpointswagertestcase" name="testadminpointwagerfetch" time="0.751"/>
  <testcase classname="api.testcases.Adminpointswagertestcase" name="testadminpointwagerupdate" time="1.372"/>
  <testcase classname="api.testcases.Adminpointswagertestcase" name="testadminpointwagerdelete" time="1.841"/>
  <testcase classname="api.testcases.Adminsignintestcase" name="testadminsignin" time="20.963"/>
  <testcase classname="api.testcases.Adminpoweruptestcase" name="testadminpowerupcreate" time="0.635"/>
  <testcase classname="api.testcases.Adminpoweruptestcase" name="testadminpowerupcreate" time="0.674"/>
  <testcase classname="api.testcases.Adminpoweruptestcase" name="testadminpowerupcreate" time="0.709"/>
  <testcase classname="api.testcases.Adminpoweruptestcase" name="testadminpowerupfetch" time="0.749"/>
  <testcase classname="api.testcases.Adminpoweruptestcase" name="testadminpowerupupdate" time="2.099"/>
  <testcase classname="api.testcases.Adminpoweruptestcase" name="testadminpowerpdelete" time="3.629"/>
  <testcase classname="api.testcases.Admindailyrewardtestcase" name="testadmindailyrewardcreate" time="0.856"/>
  <testcase classname="api.testcases.Admindailyrewardtestcase" name="testadmindailyrewardcreate" time="0.787"/>
  <testcase classname="api.testcases.Admindailyrewardtestcase" name="testadmindailyrewardcreate" time="0.655"/>
  <testcase classname="api.testcases.Admindailyrewardtestcase" name="testadmindailyrewardfetch" time="0.806"/>
  <testcase classname="api.testcases.Admindailyrewardtestcase" name="testadmindailyrewardupdate" time="1.67"/>
  <testcase classname="api.testcases.Admindailyrewardtestcase" name="testadmindailyrewarddelete" time="2.967"/>
  <testcase classname="api.testcases.Adminleaderboardtestcase" name="testadminleaderboard" time="1.616"/>
  <testcase classname="api.testcases.Adminspinrewardtestcase" name="testadminspinrewardcreate" time="0.653"/>
  <testcase classname="api.testcases.Adminspinrewardtestcase" name="testadminspinrewardcreate" time="0.713"/>
  <testcase classname="api.testcases.Adminspinrewardtestcase" name="testadminspinrewardcreate" time="0.615"/>
  <testcase classname="api.testcases.Adminspinrewardtestcase" name="testadminspinrewardfetch" time="0.697"/>
  <testcase classname="api.testcases.Adminspinrewardtestcase" name="testadminspinrewardupdate" time="1.367"/>
  <testcase classname="api.testcases.Adminspinrewardtestcase" name="testadminspinrewarddelete" time="3.348"/>
</testsuite> <!-- BingoAdminPanel -->
