<?xml version="1.0" encoding="UTF-8"?>
<testsuite xmlns:xsi="http://www.w3.org/2001/XMLSchema-instance" xsi:noNamespaceSchemaLocation="https://maven.apache.org/surefire/maven-surefire-plugin/xsd/surefire-test-report-3.0.xsd" version="3.0" name="TestSuite" time="135.816" tests="34" errors="0" skipped="0" failures="0">
  <properties>
[...]
</properties>
  <testcase name="testadminavatarcreate[https://encrypted-tbn0.gstatic.com/images?q=tbn:ANd9GcQ1zwhySGCEBxRRFYIcQgvOLOpRGqrT3d7Qng&amp;s, true](1)" classname="api.testcases.Adminavatartestcase" time="0.734">
    <system-out><![CDATA[On Start method invoked....
HTTP/1.1 201 Created
Server: nginx/1.18.0 (Ubuntu)
Date: Fri, 11 Jul 2025 07:31:46 GMT
Content-Type: application/json; charset=utf-8
Content-Length: 680
Connection: keep-alive
X-Powered-By: Express
Access-Control-Allow-Origin: *
X-RateLimit-Limit-short: 1
X-RateLimit-Remaining-short: 0
X-RateLimit-Reset-short: 3
X-RateLimit-Limit-long: 5
X-RateLimit-Remaining-long: 4
X-RateLimit-Reset-long: 60
ETag: W/"2a8-2DH+yK9KKAm3WqrsHZz03IPtxyM"

{
    "message": "Login Successfully",
    "data": {
        "_id": "6834761c8d7b62f1c97fe2c1",
        "userName": "Admin",
        "email": "admin@hpl.com",
        "accessToken": "eyJhbGciOiJIUzI1NiIsInR5cCI6IkpXVCJ9.eyJfaWQiOiI2ODM0NzYxYzhkN2I2MmYxYzk3ZmUyYzEiLCJzZXNzaW9uSWQiOiI2ODcwYmRlMmUzZTZjMmNkNDUwNzA0MjAiLCJ1c2VyVHlwZSI6IkFkbWluIiwiaWF0IjoxNzUyMjE5MTA2LCJleHAiOjE3NTIzMDU1MDZ9.At7AIcKb_KWOV5jXIAyW8vt2Ghw1HZWoNzvb7Tvkyfk",
        "refreshToken": "eyJhbGciOiJIUzI1NiIsInR5cCI6IkpXVCJ9.eyJzZXNzaW9uSWQiOiI2ODcwYmRlMmUzZTZjMmNkNDUwNzA0MjAiLCJoYXNoIjoiOWZkYmY2NDliOWMxNmZmMTU3ZTBmNzE2NTJmYWE5MmEwNTAxOWI3Mjc3ZmI4M2NkMmMyMzRmNGM4MDg1MTJiNiIsImlhdCI6MTc1MjIxOTEwNiwiZXhwIjoxNzU0ODExMTA2fQ.w7BHUufAOfC9naIHvzYIo13dcYNDS49LwpO05Wa-4X0"
    }
}
[INFO ] 2025-07-11 12:32:16.411 [main] BingoAutomation - User Sign In Successfully
[DEBUG] 2025-07-11 12:32:16.635 [main] PackageRelationshipCollection - Parsing relationship: /xl/_rels/workbook.xml.rels
[DEBUG] 2025-07-11 12:32:16.642 [main] PackageRelationshipCollection - Parsing relationship: /_rels/.rels
[DEBUG] 2025-07-11 12:32:17.318 [main] PackageRelationshipCollection - Parsing relationship: /xl/_rels/workbook.xml.rels
[DEBUG] 2025-07-11 12:32:17.320 [main] PackageRelationshipCollection - Parsing relationship: /_rels/.rels
[DEBUG] 2025-07-11 12:32:17.355 [main] PackageRelationshipCollection - Parsing relationship: /xl/_rels/workbook.xml.rels
[DEBUG] 2025-07-11 12:32:17.358 [main] PackageRelationshipCollection - Parsing relationship: /_rels/.rels
[DEBUG] 2025-07-11 12:32:17.408 [main] PackageRelationshipCollection - Parsing relationship: /xl/_rels/workbook.xml.rels
[DEBUG] 2025-07-11 12:32:17.410 [main] PackageRelationshipCollection - Parsing relationship: /_rels/.rels
[DEBUG] 2025-07-11 12:32:17.445 [main] PackageRelationshipCollection - Parsing relationship: /xl/_rels/workbook.xml.rels
[DEBUG] 2025-07-11 12:32:17.446 [main] PackageRelationshipCollection - Parsing relationship: /_rels/.rels
[DEBUG] 2025-07-11 12:32:17.471 [main] PackageRelationshipCollection - Parsing relationship: /xl/_rels/workbook.xml.rels
[DEBUG] 2025-07-11 12:32:17.472 [main] PackageRelationshipCollection - Parsing relationship: /_rels/.rels
Name of test method started:testadminavatarcreate
setAvatarUrl: https://encrypted-tbn0.gstatic.com/images?q=tbn:ANd9GcQ1zwhySGCEBxRRFYIcQgvOLOpRGqrT3d7Qng&s
setDefault: true
HTTP/1.1 201 Created
Server: nginx/1.18.0 (Ubuntu)
Date: Fri, 11 Jul 2025 07:31:50 GMT
Content-Type: application/json; charset=utf-8
Content-Length: 292
Connection: keep-alive
X-Powered-By: Express
Access-Control-Allow-Origin: *
X-RateLimit-Limit-short: 10
X-RateLimit-Remaining-short: 9
X-RateLimit-Reset-short: 1
X-RateLimit-Limit-long: 10000
X-RateLimit-Remaining-long: 9999
X-RateLimit-Reset-long: 10
ETag: W/"124-AM/U2pw3coU2TTlK3Dofk/EKfxE"

{
    "message": "avatar Created Successfully",
    "data": {
        "avatarUrl": "https://encrypted-tbn0.gstatic.com/images?q=tbn:ANd9GcQ1zwhySGCEBxRRFYIcQgvOLOpRGqrT3d7Qng&s",
        "default": false,
        "_id": "6870bde6e3e6c2cd45070422",
        "createdAt": "2025-07-11T07:31:50.060Z",
        "updatedAt": "2025-07-11T07:31:50.060Z",
        "__v": 0
    }
}
[INFO ] 2025-07-11 12:32:18.198 [main] BingoAutomation - Avatar Created Successfully
Name of test method sucessfully executed:testadminavatarcreate
]]></system-out>
    <system-err><![CDATA[SLF4J: Failed to load class "org.slf4j.impl.StaticLoggerBinder".
SLF4J: Defaulting to no-operation (NOP) logger implementation
SLF4J: See http://www.slf4j.org/codes.html#StaticLoggerBinder for further details.
]]></system-err>
  </testcase>
  <testcase name="testadminavatarcreate[https://encrypted-tbn0.gstatic.com/images?q=tbn:ANd9GcR9SRRmhH4X5N2e4QalcoxVbzYsD44C-sQv-w&amp;s, false](2)" classname="api.testcases.Adminavatartestcase" time="0.675">
    <system-out><![CDATA[Name of test method started:testadminavatarcreate
setAvatarUrl: https://encrypted-tbn0.gstatic.com/images?q=tbn:ANd9GcR9SRRmhH4X5N2e4QalcoxVbzYsD44C-sQv-w&s
setDefault: false
HTTP/1.1 201 Created
Server: nginx/1.18.0 (Ubuntu)
Date: Fri, 11 Jul 2025 07:31:50 GMT
Content-Type: application/json; charset=utf-8
Content-Length: 292
Connection: keep-alive
X-Powered-By: Express
Access-Control-Allow-Origin: *
X-RateLimit-Limit-short: 10
X-RateLimit-Remaining-short: 8
X-RateLimit-Reset-short: 1
X-RateLimit-Limit-long: 10000
X-RateLimit-Remaining-long: 9998
X-RateLimit-Reset-long: 10
ETag: W/"124-49LqE1XRP3hBz/KZDFBcvrqpSd0"

{
    "message": "avatar Created Successfully",
    "data": {
        "avatarUrl": "https://encrypted-tbn0.gstatic.com/images?q=tbn:ANd9GcR9SRRmhH4X5N2e4QalcoxVbzYsD44C-sQv-w&s",
        "default": false,
        "_id": "6870bde6e3e6c2cd45070424",
        "createdAt": "2025-07-11T07:31:50.789Z",
        "updatedAt": "2025-07-11T07:31:50.789Z",
        "__v": 0
    }
}
[INFO ] 2025-07-11 12:32:18.907 [main] BingoAutomation - Avatar Created Successfully
Name of test method sucessfully executed:testadminavatarcreate
]]></system-out>
  </testcase>
  <testcase name="testadminavatarfetch" classname="api.testcases.Adminavatartestcase" time="0.693">
    <system-out><![CDATA[Name of test method started:testadminavatarfetch
HTTP/1.1 200 OK
Server: nginx/1.18.0 (Ubuntu)
Date: Fri, 11 Jul 2025 07:31:51 GMT
Content-Type: application/json; charset=utf-8
Content-Length: 1658
Connection: keep-alive
X-Powered-By: Express
Access-Control-Allow-Origin: *
X-RateLimit-Limit-short: 10
X-RateLimit-Remaining-short: 9
X-RateLimit-Reset-short: 1
X-RateLimit-Limit-long: 10000
X-RateLimit-Remaining-long: 9999
X-RateLimit-Reset-long: 10
ETag: W/"67a-YjZ/oQ36wXHNw+9c0NSuvJsFsoE"

{
    "message": "avatars Fetched Successfully",
    "data": [
        {
            "_id": "6851867d283cf14e7d4943ea",
            "avatarUrl": "https://cubixco.s3.us-west-2.amazonaws.com/bingo-game-seeders/1750171904072_avatar1.webp",
            "default": false,
            "__v": 0,
            "createdAt": "2025-06-17T15:15:09.195Z",
            "updatedAt": "2025-06-24T09:15:57.232Z"
        },
        {
            "_id": "6851867d283cf14e7d4943eb",
            "avatarUrl": "https://cubixco.s3.us-west-2.amazonaws.com/bingo-game-seeders/1750169069605_avatar2.webp",
            "default": true,
            "__v": 0,
            "createdAt": "2025-06-17T15:15:09.196Z",
            "updatedAt": "2025-07-04T10:49:12.362Z"
        },
        {
            "_id": "6870bcf7e3e6c2cd450703df",
            "avatarUrl": "https://encrypted-tbn0.gstatic.com/images?q=tbn:ANd9GcQ1zwhySGCEBxRRFYIcQgvOLOpRGqrT3d7Qng&s",
            "default": false,
            "createdAt": "2025-07-11T07:27:51.840Z",
            "updatedAt": "2025-07-11T07:27:51.840Z",
            "__v": 0
        },
        {
            "_id": "6870bcf8e3e6c2cd450703e1",
            "avatarUrl": "https://encrypted-tbn0.gstatic.com/images?q=tbn:ANd9GcR9SRRmhH4X5N2e4QalcoxVbzYsD44C-sQv-w&s",
            "default": false,
            "createdAt": "2025-07-11T07:27:52.555Z",
            "updatedAt": "2025-07-11T07:27:52.555Z",
            "__v": 0
        },
        {
            "_id": "6870bde6e3e6c2cd45070422",
            "avatarUrl": "https://encrypted-tbn0.gstatic.com/images?q=tbn:ANd9GcQ1zwhySGCEBxRRFYIcQgvOLOpRGqrT3d7Qng&s",
            "default": false,
            "createdAt": "2025-07-11T07:31:50.060Z",
            "updatedAt": "2025-07-11T07:31:50.060Z",
            "__v": 0
        },
        {
            "_id": "6870bde6e3e6c2cd45070424",
            "avatarUrl": "https://encrypted-tbn0.gstatic.com/images?q=tbn:ANd9GcR9SRRmhH4X5N2e4QalcoxVbzYsD44C-sQv-w&s",
            "default": false,
            "createdAt": "2025-07-11T07:31:50.789Z",
            "updatedAt": "2025-07-11T07:31:50.789Z",
            "__v": 0
        }
    ],
    "page": {
        "totalDocs": 6,
        "limit": 10,
        "totalPages": 1,
        "page": 1,
        "pagingCounter": 1,
        "hasPrevPage": false,
        "hasNextPage": false,
        "prevPage": 0,
        "nextPage": 2,
        "total": 6
    }
}
[INFO ] 2025-07-11 12:32:19.609 [main] BingoAutomation - Avatar Get Successfully
Name of test method sucessfully executed:testadminavatarfetch
]]></system-out>
  </testcase>
  <testcase name="testadminavatarupdate[https://cdn.pixabay.com/photo/2018/08/04/11/30/draw-3583548_1280.png, true](1)" classname="api.testcases.Adminavatartestcase" time="1.413">
    <system-out><![CDATA[[DEBUG] 2025-07-11 12:32:19.620 [main] PackageRelationshipCollection - Parsing relationship: /xl/_rels/workbook.xml.rels
[DEBUG] 2025-07-11 12:32:19.621 [main] PackageRelationshipCollection - Parsing relationship: /_rels/.rels
[DEBUG] 2025-07-11 12:32:19.650 [main] PackageRelationshipCollection - Parsing relationship: /xl/_rels/workbook.xml.rels
[DEBUG] 2025-07-11 12:32:19.651 [main] PackageRelationshipCollection - Parsing relationship: /_rels/.rels
[DEBUG] 2025-07-11 12:32:19.682 [main] PackageRelationshipCollection - Parsing relationship: /xl/_rels/workbook.xml.rels
[DEBUG] 2025-07-11 12:32:19.683 [main] PackageRelationshipCollection - Parsing relationship: /_rels/.rels
[DEBUG] 2025-07-11 12:32:19.724 [main] PackageRelationshipCollection - Parsing relationship: /xl/_rels/workbook.xml.rels
[DEBUG] 2025-07-11 12:32:19.725 [main] PackageRelationshipCollection - Parsing relationship: /_rels/.rels
Name of test method started:testadminavatarupdate
HTTP/1.1 200 OK
Server: nginx/1.18.0 (Ubuntu)
Date: Fri, 11 Jul 2025 07:31:53 GMT
Content-Type: application/json; charset=utf-8
Content-Length: 268
Connection: keep-alive
X-Powered-By: Express
Access-Control-Allow-Origin: *
X-RateLimit-Limit-short: 10
X-RateLimit-Remaining-short: 9
X-RateLimit-Reset-short: 1
X-RateLimit-Limit-long: 10000
X-RateLimit-Remaining-long: 9999
X-RateLimit-Reset-long: 10
ETag: W/"10c-RS1idkmzywE/t2bKyibD3sCTol0"

{
    "message": "avatar Updated Successfully",
    "data": {
        "_id": "6870bcf8e3e6c2cd450703e1",
        "avatarUrl": "https://cdn.pixabay.com/photo/2018/08/04/11/30/draw-3583548_1280.png",
        "default": false,
        "createdAt": "2025-07-11T07:27:52.555Z",
        "updatedAt": "2025-07-11T07:31:53.030Z",
        "__v": 0
    }
}
[INFO ] 2025-07-11 12:32:21.147 [main] BingoAutomation - Avatar Updated Successfully
Name of test method sucessfully executed:testadminavatarupdate
]]></system-out>
  </testcase>
  <testcase name="testadminavatardelete" classname="api.testcases.Adminavatartestcase" time="1.868">
    <system-out><![CDATA[Name of test method started:testadminavatardelete
setAvatarUrl: 6870bcf7e3e6c2cd450703df
HTTP/1.1 200 OK
Server: nginx/1.18.0 (Ubuntu)
Date: Fri, 11 Jul 2025 07:31:54 GMT
Content-Type: application/json; charset=utf-8
Content-Length: 292
Connection: keep-alive
X-Powered-By: Express
Access-Control-Allow-Origin: *
X-RateLimit-Limit-short: 10
X-RateLimit-Remaining-short: 9
X-RateLimit-Reset-short: 1
X-RateLimit-Limit-long: 10000
X-RateLimit-Remaining-long: 9999
X-RateLimit-Reset-long: 10
ETag: W/"124-rvo5sFx84kAQu4VjAwbaf5dFQtU"

{
    "message": "avatar Deleted Successfully",
    "data": {
        "_id": "6870bcf7e3e6c2cd450703df",
        "avatarUrl": "https://encrypted-tbn0.gstatic.com/images?q=tbn:ANd9GcQ1zwhySGCEBxRRFYIcQgvOLOpRGqrT3d7Qng&s",
        "default": false,
        "createdAt": "2025-07-11T07:27:51.840Z",
        "updatedAt": "2025-07-11T07:27:51.840Z",
        "__v": 0
    }
}
setAvatarUrl: 6870bcf8e3e6c2cd450703e1
HTTP/1.1 200 OK
Server: nginx/1.18.0 (Ubuntu)
Date: Fri, 11 Jul 2025 07:31:54 GMT
Content-Type: application/json; charset=utf-8
Content-Length: 268
Connection: keep-alive
X-Powered-By: Express
Access-Control-Allow-Origin: *
X-RateLimit-Limit-short: 10
X-RateLimit-Remaining-short: 8
X-RateLimit-Reset-short: 1
X-RateLimit-Limit-long: 10000
X-RateLimit-Remaining-long: 9998
X-RateLimit-Reset-long: 10
ETag: W/"10c-KXhSaxJhZnNHLwBttXxbgIxNSpk"

{
    "message": "avatar Deleted Successfully",
    "data": {
        "_id": "6870bcf8e3e6c2cd450703e1",
        "avatarUrl": "https://cdn.pixabay.com/photo/2018/08/04/11/30/draw-3583548_1280.png",
        "default": false,
        "createdAt": "2025-07-11T07:27:52.555Z",
        "updatedAt": "2025-07-11T07:31:53.030Z",
        "__v": 0
    }
}
[INFO ] 2025-07-11 12:32:23.027 [main] BingoAutomation - Avatar Deleted Successfully
Name of test method sucessfully executed:testadminavatardelete
]]></system-out>
  </testcase>
  <testcase name="testadmindashboard" classname="api.testcases.Admindashboardtestcase" time="1.319">
    <system-out><![CDATA[Name of test method started:testadmindashboard
HTTP/1.1 201 Created
Server: nginx/1.18.0 (Ubuntu)
Date: Fri, 11 Jul 2025 07:32:05 GMT
Content-Type: application/json; charset=utf-8
Content-Length: 680
Connection: keep-alive
X-Powered-By: Express
Access-Control-Allow-Origin: *
X-RateLimit-Limit-short: 1
X-RateLimit-Remaining-short: 0
X-RateLimit-Reset-short: 3
X-RateLimit-Limit-long: 5
X-RateLimit-Remaining-long: 3
X-RateLimit-Reset-long: 42
ETag: W/"2a8-XtbaIOxOu8B7LQFKVympMLASboQ"

{
    "message": "Login Successfully",
    "data": {
        "_id": "6834761c8d7b62f1c97fe2c1",
        "userName": "Admin",
        "email": "admin@hpl.com",
        "accessToken": "eyJhbGciOiJIUzI1NiIsInR5cCI6IkpXVCJ9.eyJfaWQiOiI2ODM0NzYxYzhkN2I2MmYxYzk3ZmUyYzEiLCJzZXNzaW9uSWQiOiI2ODcwYmRmNWUzZTZjMmNkNDUwNzA0MzQiLCJ1c2VyVHlwZSI6IkFkbWluIiwiaWF0IjoxNzUyMjE5MTI1LCJleHAiOjE3NTIzMDU1MjV9.3GrSkxmlCLKCgj1TS0_gLBrNbt-bIVf15xQ4z5x6dds",
        "refreshToken": "eyJhbGciOiJIUzI1NiIsInR5cCI6IkpXVCJ9.eyJzZXNzaW9uSWQiOiI2ODcwYmRmNWUzZTZjMmNkNDUwNzA0MzQiLCJoYXNoIjoiN2Y0Zjc5NjFhYzdjM2ZmOGM2ZWIyZmJlZTFmOTM1NmExMTEwZTA4Yjk3OGUzMWI5ZjVhY2NkYzQxM2JiNjI1ZSIsImlhdCI6MTc1MjIxOTEyNSwiZXhwIjoxNzU0ODExMTI1fQ.zIa4yzfTlW21j_kxXdA4iNp-r3sGaoxOaxPGXNh2sDs"
    }
}
[INFO ] 2025-07-11 12:32:33.708 [main] BingoAutomation - User Sign In Successfully
HTTP/1.1 200 OK
Server: nginx/1.18.0 (Ubuntu)
Date: Fri, 11 Jul 2025 07:32:06 GMT
Content-Type: application/json; charset=utf-8
Content-Length: 138
Connection: keep-alive
X-Powered-By: Express
Access-Control-Allow-Origin: *
X-RateLimit-Limit-short: 10
X-RateLimit-Remaining-short: 9
X-RateLimit-Reset-short: 1
X-RateLimit-Limit-long: 10000
X-RateLimit-Remaining-long: 9999
X-RateLimit-Reset-long: 10
ETag: W/"8a-5GiwzssmxhJIL/eSbhNOj9M63uA"

{
    "message": "Dashboard Data Fetched Successfully",
    "data": {
        "totalUsers": 22,
        "monthlyCounts": [
            0,
            0,
            0,
            0,
            10,
            9,
            3,
            0,
            0,
            0,
            0,
            0
        ],
        "totalRevenue": 55.18
    }
}
[INFO ] 2025-07-11 12:32:34.355 [main] BingoAutomation - Dashboard Get Successfully
Name of test method sucessfully executed:testadmindashboard
]]></system-out>
  </testcase>
  <testcase name="testadminuserfetch" classname="api.testcases.Adminusertestcase" time="0.652">
    <system-out><![CDATA[HTTP/1.1 201 Created
Server: nginx/1.18.0 (Ubuntu)
Date: Fri, 11 Jul 2025 07:32:10 GMT
Content-Type: application/json; charset=utf-8
Content-Length: 680
Connection: keep-alive
X-Powered-By: Express
Access-Control-Allow-Origin: *
X-RateLimit-Limit-short: 1
X-RateLimit-Remaining-short: 0
X-RateLimit-Reset-short: 3
X-RateLimit-Limit-long: 5
X-RateLimit-Remaining-long: 2
X-RateLimit-Reset-long: 36
ETag: W/"2a8-pJsOzw3oO91MMyiy8WRGuROw9gk"

{
    "message": "Login Successfully",
    "data": {
        "_id": "6834761c8d7b62f1c97fe2c1",
        "userName": "Admin",
        "email": "admin@hpl.com",
        "accessToken": "eyJhbGciOiJIUzI1NiIsInR5cCI6IkpXVCJ9.eyJfaWQiOiI2ODM0NzYxYzhkN2I2MmYxYzk3ZmUyYzEiLCJzZXNzaW9uSWQiOiI2ODcwYmRmYWUzZTZjMmNkNDUwNzA0M2MiLCJ1c2VyVHlwZSI6IkFkbWluIiwiaWF0IjoxNzUyMjE5MTMwLCJleHAiOjE3NTIzMDU1MzB9.ctXACDd0hXEvl3nZVpzEztrxyqLkJ_xT6jal2Ek8ysU",
        "refreshToken": "eyJhbGciOiJIUzI1NiIsInR5cCI6IkpXVCJ9.eyJzZXNzaW9uSWQiOiI2ODcwYmRmYWUzZTZjMmNkNDUwNzA0M2MiLCJoYXNoIjoiMjc1YTZkMTNmODU2OGMxMjUxNWFiMjBmN2U4NTYyMDVlZGM3MGYyMzMwZTU5YzM2OTU4MDgzZWYwNDdhZWRmNiIsImlhdCI6MTc1MjIxOTEzMCwiZXhwIjoxNzU0ODExMTMwfQ.noTDBObR76oqqUa1y8ju9Ev51znHk3BWHI0DTm9L7Q4"
    }
}
[INFO ] 2025-07-11 12:32:39.074 [main] BingoAutomation - User Sign In Successfully
Name of test method started:testadminuserfetch
HTTP/1.1 200 OK
Server: nginx/1.18.0 (Ubuntu)
Date: Fri, 11 Jul 2025 07:32:11 GMT
Content-Type: application/json; charset=utf-8
Content-Length: 7328
Connection: keep-alive
X-Powered-By: Express
Access-Control-Allow-Origin: *
X-RateLimit-Limit-short: 10
X-RateLimit-Remaining-short: 9
X-RateLimit-Reset-short: 1
X-RateLimit-Limit-long: 10000
X-RateLimit-Remaining-long: 9999
X-RateLimit-Reset-long: 10
ETag: W/"1ca0-ywSBd7VpZQb+fHVYqsozxPS2bwc"

{
    "message": "Users fetched successfully",
    "data": [
        {
            "_id": "6835662827dea4dea95d913f",
            "signupType": "Email",
            "email": "absar.aamir@cubixlabs.com",
            "__v": 0,
            "avatarUrl": "https://cubixco.s3.us-west-2.amazonaws.com/bingo-game-seeders/1750169069605_avatar2.webp",
            "createdAt": "2025-05-27T07:13:44.476Z",
            "dailyRewardsDates": [
                
            ],
            "gameStats": {
                "roundPlayed": 1,
                "tournamentsPlayed": 3,
                "bingos": 0,
                "bestRanking": 0,
                "totalScore": 72500
            },
            "isBlocked": false,
            "isEligibleForLoginRewards": false,
            "isVerified": true,
            "loginStreakClaimableHpl": 0,
            "loginStreaks": [
                
            ],
            "powerUps": {
                "SingleDaub": 19,
                "MultipleDaub": 3,
                "InstaBingo": 1,
                "X2PointsMultiplier": 3,
                "X2PointsAll": 0,
                "Gems": 1
            },
            "rewardsHplToken": 0,
            "spinTheWheelDate": null,
            "tickets": 2437,
            "updatedAt": "2025-07-08T11:51:53.449Z",
            "userType": "User",
            "userName": "DONE"
        },
        {
            "_id": "68359d791e01dc4e2965ba67",
            "email": "a1@getnada.com",
            "signupType": "Email",
            "__v": 0,
            "avatarUrl": "https://cubixco.s3.us-west-2.amazonaws.com/bingo-game/1749199594689_avatar1.webp",
            "createdAt": "2025-05-07T13:06:05.105Z",
            "dailyRewardsDates": [
                "2025-06-03T14:32:50.172Z",
                "2025-06-03T14:32:53.228Z",
                "2025-06-03T14:33:02.984Z",
                "2025-06-03T14:33:09.859Z",
                "2025-06-03T14:33:13.012Z"
            ],
            "isBlocked": false,
            "isVerified": true,
            "powerUps": {
                "SingleDaub": 112,
                "MultipleDaub": 115,
                "InstBingo": 100,
                "X2PointsMultiplier": 119,
                "X2PointsAll": 98,
                "Gems": 106,
                "InstaBingo": 111
            },
            "rewardsHplToken": 4666.67,
            "spinTheWheelDate": "2025-06-03T14:33:59.659Z",
            "tickets": 5726,
            "updatedAt": "2025-06-12T16:10:41.180Z",
            "userType": "User",
            "userName": "A1",
            "gameStats": {
                "roundPlayed": 10,
                "tournamentsPlayed": 29,
                "bingos": 8,
                "bestRanking": 0,
                "totalScore": 111800
            },
            "isEligibleForLoginRewards": false,
            "loginStreaks": [
                "2025-06-12"
            ]
        },
        {
            "_id": "68359e131e01dc4e2965ba68",
            "email": "a2@getnada.com",
            "signupType": "Email",
            "__v": 0,
            "avatarUrl": "https://cubixco.s3.us-west-2.amazonaws.com/bingo-game/1749199594689_avatar1.webp",
            "createdAt": "2025-05-07T13:06:05.105Z",
            "dailyRewardsDates": [
                "2025-06-19T11:49:18.198Z"
            ],
            "isBlocked": false,
            "isVerified": true,
            "powerUps": {
                "SingleDaub": 108,
                "MultipleDaub": 83,
                "InstBingo": 1,
                "X2PointsMultiplier": 128,
                "X2PointsAll": 57,
                "Gems": 77,
                "InstaBingo": 68
            },
            "rewardsHplToken": 0,
            "spinTheWheelDate": "2025-06-19T11:49:33.481Z",
            "tickets": 73037,
            "updatedAt": "2025-06-19T11:49:33.481Z",
            "userType": "User",
            "userName": "A2",
            "gameStats": {
                "roundPlayed": 31,
                "tournamentsPlayed": 46,
                "bingos": 25,
                "bestRanking": 0,
                "totalScore": 418000
            },
            "isEligibleForLoginRewards": false,
            "loginStreaks": [
                "2025-06-16"
            ]
        },
        {
            "_id": "68359e1f1e01dc4e2965ba69",
            "email": "a3@getnada.com",
            "signupType": "Email",
            "__v": 0,
            "avatarUrl": "https://cubixco.s3.us-west-2.amazonaws.com/bingo-game/1749199594689_avatar1.webp",
            "createdAt": "2025-05-07T13:06:05.105Z",
            "dailyRewardsDates": [
                
            ],
            "isBlocked": false,
            "isVerified": true,
            "powerUps": {
                "SingleDaub": 1,
                "MultipleDaub": 1,
                "InstBingo": 1,
                "X2PointsMultiplier": 1,
                "X2PointsAll": 1,
                "Gems": 1
            },
            "rewardsHplToken": 0,
            "spinTheWheelDate": null,
            "tickets": 99750,
            "updatedAt": "2025-06-10T13:55:35.866Z",
            "userType": "User",
            "userName": "A3",
            "gameStats": {
                "roundPlayed": 0,
                "tournamentsPlayed": 2,
                "bingos": 0,
                "bestRanking": 0,
                "totalScore": 0
            },
            "isEligibleForLoginRewards": false,
            "loginStreaks": [
                "2025-06-10"
            ]
        },
        {
            "_id": "68359e2e1e01dc4e2965ba6a",
            "email": "a4@getnada.com",
            "signupType": "Email",
            "__v": 0,
            "avatarUrl": "https://cubixco.s3.us-west-2.amazonaws.com/bingo-game/1749199594689_avatar1.webp",
            "createdAt": "2025-05-07T13:06:05.105Z",
            "dailyRewardsDates": [
                "2025-07-07T12:32:33.987Z"
            ],
            "isBlocked": false,
            "isVerified": true,
            "powerUps": {
                "SingleDaub": 239,
                "MultipleDaub": 207,
                "InstBingo": 1,
                "X2PointsMultiplier": 199,
                "X2PointsAll": 8,
                "Gems": 76,
                "InstaBingo": 83
            },
            "rewardsHplToken": 0,
            "spinTheWheelDate": "2025-07-07T10:00:11.991Z",
            "tickets": 65512,
            "updatedAt": "2025-07-08T09:06:29.442Z",
            "userType": "User",
            "userName": "A4",
            "gameStats": {
                "roundPlayed": 82,
                "tournamentsPlayed": 122,
                "bingos": 33,
                "bestRanking": 0,
                "totalScore": 1386400
            },
            "isEligibleForLoginRewards": false,
            "loginStreaks": [
                "2025-06-10"
            ]
        },
        {
            "_id": "6835acfa1e01dc4e2965ba6b",
            "email": "a11@getnada.com",
            "signupType": "Email",
            "__v": 0,
            "avatarUrl": "https://cubixco.s3.us-west-2.amazonaws.com/bingo-game/1749199594689_avatar1.webp",
            "createdAt": "2025-05-07T13:06:05.105Z",
            "dailyRewardsDates": [
                
            ],
            "isBlocked": false,
            "isVerified": true,
            "powerUps": {
                "SingleDaub": 1,
                "MultipleDaub": 1,
                "InstBingo": 1,
                "X2PointsMultiplier": 1,
                "X2PointsAll": 1,
                "Gems": 1
            },
            "rewardsHplToken": 0,
            "spinTheWheelDate": null,
            "tickets": 100000,
            "updatedAt": "2025-05-27T12:17:38.989Z",
            "userType": "User",
            "userName": "A11",
            "gameStats": {
                "tournamentsPlayed": 1
            }
        },
        {
            "_id": "6836ea0e8622394ccaeef6aa",
            "email": "a100@getnada.com",
            "signupType": "Email",
            "__v": 0,
            "avatarUrl": "https://cubixco.s3.us-west-2.amazonaws.com/bingo-game/1749199594689_avatar1.webp",
            "createdAt": "2025-05-07T13:06:05.105Z",
            "dailyRewardsDates": [
                
            ],
            "isBlocked": false,
            "isVerified": true,
            "powerUps": {
                "SingleDaub": 1,
                "MultipleDaub": 1,
                "InstBingo": 1,
                "X2PointsMultiplier": 1,
                "X2PointsAll": 1,
                "Gems": 1
            },
            "rewardsHplToken": 0,
            "spinTheWheelDate": null,
            "tickets": 100000,
            "updatedAt": "2025-05-28T10:53:48.789Z",
            "userType": "User",
            "userName": "A100",
            "gameStats": {
                "tournamentsPlayed": 2
            }
        },
        {
            "_id": "683846f1f6aa6e7f2ddf4009",
            "signupType": "Email",
            "email": "sami.ahmed@cubixlabs.com",
            "__v": 0,
            "avatarUrl": "https://cubixco.s3.us-west-2.amazonaws.com/bingo-game/1749199594689_avatar1.webp",
            "createdAt": "2025-05-29T11:37:21.251Z",
            "dailyRewardsDates": [
                
            ],
            "gameStats": {
                "roundPlayed": 0,
                "tournamentsPlayed": 0,
                "bingos": 0,
                "bestRanking": 0,
                "totalScore": 0
            },
            "isBlocked": false,
            "isEligibleForLoginRewards": false,
            "isVerified": true,
            "loginStreakClaimableHpl": 0,
            "loginStreaks": [
                
            ],
            "powerUps": {
                "SingleDaub": 1,
                "MultipleDaub": 1,
                "InstaBingo": 1,
                "X2PointsMultiplier": 1,
                "X2PointsAll": 1,
                "Gems": 1
            },
            "rewardsHplToken": 0,
            "spinTheWheelDate": null,
            "tickets": 1000,
            "updatedAt": "2025-06-10T13:43:55.166Z",
            "userType": "User",
            "userName": "Sami Ahmed"
        },
        {
            "_id": "683ec1a214c7b3bf9a885786",
            "email": "mehran.khan@cubixlabs.com",
            "socialId": "115169291566750939033",
            "signupType": "Gmail",
            "userType": "User",
            "isBlocked": false,
            "isVerified": false,
            "avatarUrl": "https://cubixco.s3.us-west-2.amazonaws.com/bingo-game/1749199594689_avatar1.webp",
            "tickets": 8800,
            "rewardsHplToken": 0,
            "spinTheWheelDate": null,
            "dailyRewardsDates": [
                
            ],
            "loginStreaks": [
                
            ],
            "isEligibleForLoginRewards": false,
            "loginStreakClaimableHpl": 0,
            "powerUps": {
                "SingleDaub": 6,
                "MultipleDaub": 16,
                "InstaBingo": 4,
                "X2PointsMultiplier": 6,
                "X2PointsAll": 3,
                "Gems": 4
            },
            "gameStats": {
                "roundPlayed": 0,
                "tournamentsPlayed": 1,
                "bingos": 0,
                "bestRanking": 0,
                "totalScore": 0
            },
            "createdAt": "2025-06-03T09:34:26.535Z",
            "updatedAt": "2025-07-07T14:55:41.686Z",
            "__v": 0,
            "userName": "MehranKhan"
        },
        {
            "_id": "68496c6805e16b4df4609f57",
            "email": "a401@getnada.com",
            "signupType": "Email",
            "__v": 0,
            "avatarUrl": "https://cubixco.s3.us-west-2.amazonaws.com/bingo-game/1749199594689_avatar1.webp",
            "createdAt": "2025-05-07T13:06:05.105Z",
            "dailyRewardsDates": [
                
            ],
            "isBlocked": false,
            "isVerified": true,
            "powerUps": {
                "SingleDaub": 189,
                "MultipleDaub": 158,
                "InstBingo": 1,
                "X2PointsMultiplier": 146,
                "X2PointsAll": 19,
                "Gems": 68,
                "InstaBingo": 83
            },
            "rewardsHplToken": 0,
            "spinTheWheelDate": "2025-06-06T14:08:46.376Z",
            "tickets": 85315,
            "updatedAt": "2025-06-10T14:40:00.431Z",
            "userType": "User",
            "userName": "A401",
            "gameStats": {
                "roundPlayed": 25,
                "tournamentsPlayed": 33,
                "bingos": 25,
                "bestRanking": 0,
                "totalScore": 468300
            },
            "isEligibleForLoginRewards": false,
            "loginStreaks": [
                "2025-06-10"
            ]
        }
    ],
    "page": {
        "totalDocs": 22,
        "limit": 10,
        "totalPages": 3,
        "page": 1,
        "pagingCounter": 1,
        "hasPrevPage": false,
        "hasNextPage": true,
        "prevPage": 0,
        "nextPage": 2,
        "total": 22
    }
}
[INFO ] 2025-07-11 12:32:39.729 [main] BingoAutomation - User Data Get Successfully
Name of test method sucessfully executed:testadminuserfetch
]]></system-out>
  </testcase>
  <testcase name="testadminuserfetchbyid" classname="api.testcases.Adminusertestcase" time="1.35">
    <system-out><![CDATA[Name of test method started:testadminuserfetchbyid
HTTP/1.1 200 OK
Server: nginx/1.18.0 (Ubuntu)
Date: Fri, 11 Jul 2025 07:32:12 GMT
Content-Type: application/json; charset=utf-8
Content-Length: 834
Connection: keep-alive
X-Powered-By: Express
Access-Control-Allow-Origin: *
X-RateLimit-Limit-short: 10
X-RateLimit-Remaining-short: 9
X-RateLimit-Reset-short: 1
X-RateLimit-Limit-long: 10000
X-RateLimit-Remaining-long: 9999
X-RateLimit-Reset-long: 10
ETag: W/"342-5fCuuP6M291cyhX4lUVHre1RgmI"

{
    "message": "Users fetched successfully",
    "data": {
        "loginStreakClaimableHpl": 0,
        "_id": "68359e131e01dc4e2965ba68",
        "email": "a2@getnada.com",
        "signupType": "Email",
        "__v": 0,
        "avatarUrl": "https://cubixco.s3.us-west-2.amazonaws.com/bingo-game/1749199594689_avatar1.webp",
        "createdAt": "2025-05-07T13:06:05.105Z",
        "dailyRewardsDates": [
            "2025-06-19T11:49:18.198Z"
        ],
        "isBlocked": false,
        "isVerified": true,
        "powerUps": {
            "SingleDaub": 108,
            "MultipleDaub": 83,
            "InstBingo": 1,
            "X2PointsMultiplier": 128,
            "X2PointsAll": 57,
            "Gems": 77,
            "InstaBingo": 68
        },
        "rewardsHplToken": 0,
        "spinTheWheelDate": "2025-06-19T11:49:33.481Z",
        "tickets": 73037,
        "updatedAt": "2025-06-19T11:49:33.481Z",
        "userType": "User",
        "userName": "A2",
        "gameStats": {
            "roundPlayed": 31,
            "tournamentsPlayed": 46,
            "bingos": 25,
            "bestRanking": 0,
            "totalScore": 418000
        },
        "isEligibleForLoginRewards": false,
        "loginStreaks": [
            "2025-06-16"
        ]
    }
}
[INFO ] 2025-07-11 12:32:41.087 [main] BingoAutomation - User Data GetbyID Successfully
Name of test method sucessfully executed:testadminuserfetchbyid
]]></system-out>
  </testcase>
  <testcase name="testadmincurrencyfetch" classname="api.testcases.Admincurrencytestcase" time="0.64">
    <system-out><![CDATA[HTTP/1.1 201 Created
Server: nginx/1.18.0 (Ubuntu)
Date: Fri, 11 Jul 2025 07:32:17 GMT
Content-Type: application/json; charset=utf-8
Content-Length: 680
Connection: keep-alive
X-Powered-By: Express
Access-Control-Allow-Origin: *
X-RateLimit-Limit-short: 1
X-RateLimit-Remaining-short: 0
X-RateLimit-Reset-short: 3
X-RateLimit-Limit-long: 5
X-RateLimit-Remaining-long: 1
X-RateLimit-Reset-long: 29
ETag: W/"2a8-/ljk3dM4cQIGthw+yZ/tsr9KrWE"

{
    "message": "Login Successfully",
    "data": {
        "_id": "6834761c8d7b62f1c97fe2c1",
        "userName": "Admin",
        "email": "admin@hpl.com",
        "accessToken": "eyJhbGciOiJIUzI1NiIsInR5cCI6IkpXVCJ9.eyJfaWQiOiI2ODM0NzYxYzhkN2I2MmYxYzk3ZmUyYzEiLCJzZXNzaW9uSWQiOiI2ODcwYmUwMWUzZTZjMmNkNDUwNzA0NDQiLCJ1c2VyVHlwZSI6IkFkbWluIiwiaWF0IjoxNzUyMjE5MTM3LCJleHAiOjE3NTIzMDU1Mzd9.npdOJVZy5oOEcuywNQEOU2eu1J8R5R3Cwbe1oIc6bQE",
        "refreshToken": "eyJhbGciOiJIUzI1NiIsInR5cCI6IkpXVCJ9.eyJzZXNzaW9uSWQiOiI2ODcwYmUwMWUzZTZjMmNkNDUwNzA0NDQiLCJoYXNoIjoiMzQwNDQ1ZmI4MzJkMDMwZDhlNDdjZjAwYjNkZDgxZDQ5MGVlOTcxNzMzNDc5OGUyY2FiOWRhNDc5ZWVmODllZCIsImlhdCI6MTc1MjIxOTEzNywiZXhwIjoxNzU0ODExMTM3fQ.LujxBMhwhoTANykExGeHTRKuT7kSDhuV-T_wcwFlqdk"
    }
}
[INFO ] 2025-07-11 12:32:45.808 [main] BingoAutomation - User Sign In Successfully
Name of test method started:testadmincurrencyfetch
HTTP/1.1 200 OK
Server: nginx/1.18.0 (Ubuntu)
Date: Fri, 11 Jul 2025 07:32:18 GMT
Content-Type: application/json; charset=utf-8
Content-Length: 625
Connection: keep-alive
X-Powered-By: Express
Access-Control-Allow-Origin: *
X-RateLimit-Limit-short: 10
X-RateLimit-Remaining-short: 9
X-RateLimit-Reset-short: 1
X-RateLimit-Limit-long: 10000
X-RateLimit-Remaining-long: 9999
X-RateLimit-Reset-long: 10
ETag: W/"271-uaIW8BxYIT22PQ7396MxJnVfqEo"

{
    "message": "Currencies fetched successfully",
    "data": [
        {
            "_id": "686bd803f2aadbe8dafe3caa",
            "shortCode": "Ticket",
            "name": "Ticket",
            "image": "https://encrypted-tbn0.gstatic.com/images?q=tbn:ANd9GcQ1zwhySGCEBxRRFYIcQgvOLOpRGqrT3d7Qng&s",
            "imageLarge": "https://encrypted-tbn0.gstatic.com/images?q=tbn:ANd9GcQ1zwhySGCEBxRRFYIcQgvOLOpRGqrT3d7Qng&s",
            "description": "lorem ipsum3sdas",
            "defaultCount": 0,
            "__v": 0,
            "createdAt": "2025-07-07T14:21:55.810Z",
            "updatedAt": "2025-07-11T07:28:21.699Z"
        }
    ],
    "page": {
        "totalDocs": 1,
        "limit": 10,
        "totalPages": 1,
        "page": 1,
        "pagingCounter": 1,
        "hasPrevPage": false,
        "hasNextPage": false,
        "prevPage": 0,
        "nextPage": 2,
        "total": 1
    }
}
[INFO ] 2025-07-11 12:32:46.454 [main] BingoAutomation - Currency Get Successfully
Name of test method sucessfully executed:testadmincurrencyfetch
]]></system-out>
  </testcase>
  <testcase name="testadmicurrencyupdate[https://encrypted-tbn0.gstatic.com/images?q=tbn:ANd9GcQ1zwhySGCEBxRRFYIcQgvOLOpRGqrT3d7Qng&amp;s, https://encrypted-tbn0.gstatic.com/images?q=tbn:ANd9GcQ1zwhySGCEBxRRFYIcQgvOLOpRGqrT3d7Qng&amp;s, lorem ipsum3sdas, Ticket, 0.0](1)" classname="api.testcases.Admincurrencytestcase" time="1.317">
    <system-out><![CDATA[[DEBUG] 2025-07-11 12:32:46.481 [main] PackageRelationshipCollection - Parsing relationship: /xl/_rels/workbook.xml.rels
[DEBUG] 2025-07-11 12:32:46.482 [main] PackageRelationshipCollection - Parsing relationship: /_rels/.rels
[DEBUG] 2025-07-11 12:32:46.525 [main] PackageRelationshipCollection - Parsing relationship: /xl/_rels/workbook.xml.rels
[DEBUG] 2025-07-11 12:32:46.527 [main] PackageRelationshipCollection - Parsing relationship: /_rels/.rels
[DEBUG] 2025-07-11 12:32:46.554 [main] PackageRelationshipCollection - Parsing relationship: /xl/_rels/workbook.xml.rels
[DEBUG] 2025-07-11 12:32:46.556 [main] PackageRelationshipCollection - Parsing relationship: /_rels/.rels
[DEBUG] 2025-07-11 12:32:46.578 [main] PackageRelationshipCollection - Parsing relationship: /xl/_rels/workbook.xml.rels
[DEBUG] 2025-07-11 12:32:46.579 [main] PackageRelationshipCollection - Parsing relationship: /_rels/.rels
[DEBUG] 2025-07-11 12:32:46.602 [main] PackageRelationshipCollection - Parsing relationship: /xl/_rels/workbook.xml.rels
[DEBUG] 2025-07-11 12:32:46.603 [main] PackageRelationshipCollection - Parsing relationship: /_rels/.rels
[DEBUG] 2025-07-11 12:32:46.623 [main] PackageRelationshipCollection - Parsing relationship: /xl/_rels/workbook.xml.rels
[DEBUG] 2025-07-11 12:32:46.624 [main] PackageRelationshipCollection - Parsing relationship: /_rels/.rels
[DEBUG] 2025-07-11 12:32:46.660 [main] PackageRelationshipCollection - Parsing relationship: /xl/_rels/workbook.xml.rels
[DEBUG] 2025-07-11 12:32:46.661 [main] PackageRelationshipCollection - Parsing relationship: /_rels/.rels
Name of test method started:testadmicurrencyupdate
HTTP/1.1 200 OK
Server: nginx/1.18.0 (Ubuntu)
Date: Fri, 11 Jul 2025 07:32:19 GMT
Content-Type: application/json; charset=utf-8
Content-Length: 469
Connection: keep-alive
X-Powered-By: Express
Access-Control-Allow-Origin: *
X-RateLimit-Limit-short: 10
X-RateLimit-Remaining-short: 9
X-RateLimit-Reset-short: 1
X-RateLimit-Limit-long: 10000
X-RateLimit-Remaining-long: 9999
X-RateLimit-Reset-long: 10
ETag: W/"1d5-eYHw5Sl90mmjLWpTn+2hfwZ4rJE"

{
    "message": "Currency updated successfully",
    "data": {
        "_id": "686bd803f2aadbe8dafe3caa",
        "shortCode": "Ticket",
        "name": "Ticket",
        "image": "https://encrypted-tbn0.gstatic.com/images?q=tbn:ANd9GcQ1zwhySGCEBxRRFYIcQgvOLOpRGqrT3d7Qng&s",
        "imageLarge": "https://encrypted-tbn0.gstatic.com/images?q=tbn:ANd9GcQ1zwhySGCEBxRRFYIcQgvOLOpRGqrT3d7Qng&s",
        "description": "lorem ipsum3sdas",
        "defaultCount": 0,
        "__v": 0,
        "createdAt": "2025-07-07T14:21:55.810Z",
        "updatedAt": "2025-07-11T07:32:19.875Z"
    }
}
[INFO ] 2025-07-11 12:32:47.993 [main] BingoAutomation - Currency Updated Successfully
Name of test method sucessfully executed:testadmicurrencyupdate
]]></system-out>
  </testcase>
  <testcase name="testadminpointwagercreate[666765.0, 2.0, Ticket](1)" classname="api.testcases.Adminpointswagertestcase" time="0.652">
    <system-out><![CDATA[HTTP/1.1 201 Created
Server: nginx/1.18.0 (Ubuntu)
Date: Fri, 11 Jul 2025 07:32:35 GMT
Content-Type: application/json; charset=utf-8
Content-Length: 680
Connection: keep-alive
X-Powered-By: Express
Access-Control-Allow-Origin: *
X-RateLimit-Limit-short: 1
X-RateLimit-Remaining-short: 0
X-RateLimit-Reset-short: 3
X-RateLimit-Limit-long: 5
X-RateLimit-Remaining-long: 0
X-RateLimit-Reset-long: 12
ETag: W/"2a8-KHcdVCKFzYInBviIHGjHrKQ1EB8"

{
    "message": "Login Successfully",
    "data": {
        "_id": "6834761c8d7b62f1c97fe2c1",
        "userName": "Admin",
        "email": "admin@hpl.com",
        "accessToken": "eyJhbGciOiJIUzI1NiIsInR5cCI6IkpXVCJ9.eyJfaWQiOiI2ODM0NzYxYzhkN2I2MmYxYzk3ZmUyYzEiLCJzZXNzaW9uSWQiOiI2ODcwYmUxM2UzZTZjMmNkNDUwNzA0NGUiLCJ1c2VyVHlwZSI6IkFkbWluIiwiaWF0IjoxNzUyMjE5MTU1LCJleHAiOjE3NTIzMDU1NTV9.rPEJ0N1j-_IVB6aaUiuLaFhMSl7pWds8MuLpIlObVsg",
        "refreshToken": "eyJhbGciOiJIUzI1NiIsInR5cCI6IkpXVCJ9.eyJzZXNzaW9uSWQiOiI2ODcwYmUxM2UzZTZjMmNkNDUwNzA0NGUiLCJoYXNoIjoiNjFlY2NkYTgzMDI0NTM5Nzg3NTIyZDM1ODNkMGViMWFiZTkxNjdjOWE1NDdlNjkxMDA0YTNhYTUyNWY4NWVhNCIsImlhdCI6MTc1MjIxOTE1NSwiZXhwIjoxNzU0ODExMTU1fQ.8gl0rh6XtlkI34-sTli-CRqSNJBlu_Zi03aiIO-la_k"
    }
}
[INFO ] 2025-07-11 12:33:03.721 [main] BingoAutomation - User Sign In Successfully
[DEBUG] 2025-07-11 12:33:03.742 [main] PackageRelationshipCollection - Parsing relationship: /xl/_rels/workbook.xml.rels
[DEBUG] 2025-07-11 12:33:03.744 [main] PackageRelationshipCollection - Parsing relationship: /_rels/.rels
[DEBUG] 2025-07-11 12:33:03.763 [main] PackageRelationshipCollection - Parsing relationship: /xl/_rels/workbook.xml.rels
[DEBUG] 2025-07-11 12:33:03.764 [main] PackageRelationshipCollection - Parsing relationship: /_rels/.rels
[DEBUG] 2025-07-11 12:33:03.786 [main] PackageRelationshipCollection - Parsing relationship: /xl/_rels/workbook.xml.rels
[DEBUG] 2025-07-11 12:33:03.789 [main] PackageRelationshipCollection - Parsing relationship: /_rels/.rels
[DEBUG] 2025-07-11 12:33:03.808 [main] PackageRelationshipCollection - Parsing relationship: /xl/_rels/workbook.xml.rels
[DEBUG] 2025-07-11 12:33:03.809 [main] PackageRelationshipCollection - Parsing relationship: /_rels/.rels
[DEBUG] 2025-07-11 12:33:03.834 [main] PackageRelationshipCollection - Parsing relationship: /xl/_rels/workbook.xml.rels
[DEBUG] 2025-07-11 12:33:03.838 [main] PackageRelationshipCollection - Parsing relationship: /_rels/.rels
Name of test method started:testadminpointwagercreate
HTTP/1.1 201 Created
Server: nginx/1.18.0 (Ubuntu)
Date: Fri, 11 Jul 2025 07:32:36 GMT
Content-Type: application/json; charset=utf-8
Content-Length: 143
Connection: keep-alive
X-Powered-By: Express
Access-Control-Allow-Origin: *
X-RateLimit-Limit-short: 10
X-RateLimit-Remaining-short: 9
X-RateLimit-Reset-short: 1
X-RateLimit-Limit-long: 10000
X-RateLimit-Remaining-long: 9999
X-RateLimit-Reset-long: 10
ETag: W/"8f-gOChwp1JFiPyhQGzCPJkdy66vO8"

{
    "message": "Ticket Wager created successfully",
    "data": {
        "count": 666765,
        "multiplier": 2,
        "type": "Ticket",
        "_id": "6870be14e3e6c2cd45070450",
        "__v": 0
    }
}
[INFO ] 2025-07-11 12:33:04.502 [main] BingoAutomation - Points Wager Created Successfully
Name of test method sucessfully executed:testadminpointwagercreate
]]></system-out>
  </testcase>
  <testcase name="testadminpointwagerfetch" classname="api.testcases.Adminpointswagertestcase" time="0.737">
    <system-out><![CDATA[Name of test method started:testadminpointwagerfetch
HTTP/1.1 200 OK
Server: nginx/1.18.0 (Ubuntu)
Date: Fri, 11 Jul 2025 07:32:37 GMT
Content-Type: application/json; charset=utf-8
Content-Length: 1599
Connection: keep-alive
X-Powered-By: Express
Access-Control-Allow-Origin: *
X-RateLimit-Limit-short: 10
X-RateLimit-Remaining-short: 9
X-RateLimit-Reset-short: 1
X-RateLimit-Limit-long: 10000
X-RateLimit-Remaining-long: 9999
X-RateLimit-Reset-long: 10
ETag: W/"63f-EROpHCbIqQJmXY1yoCB/Pd7s/nc"

{
    "message": "Ticket Wagers fetched successfully",
    "data": [
        {
            "_id": "682efee66558207f3f09e9aa",
            "count": 1,
            "multiplier": 2,
            "type": "Card",
            "__v": 0
        },
        {
            "_id": "682efee66558207f3f09e9ab",
            "count": 2,
            "multiplier": 1.25,
            "type": "Card",
            "__v": 0
        },
        {
            "_id": "682efee66558207f3f09e9ac",
            "count": 3,
            "multiplier": 1.5,
            "type": "Card",
            "__v": 0
        },
        {
            "_id": "682efee66558207f3f09e9ad",
            "count": 4,
            "multiplier": 2,
            "type": "Card",
            "__v": 0
        },
        {
            "_id": "682efee66558207f3f09e9ae",
            "count": 1,
            "multiplier": 1.5,
            "type": "Streak",
            "__v": 0
        },
        {
            "_id": "682efee66558207f3f09e9af",
            "count": 2,
            "multiplier": 1.75,
            "type": "Streak",
            "__v": 0
        },
        {
            "_id": "682efee66558207f3f09e9b0",
            "count": 3,
            "multiplier": 2,
            "type": "Streak",
            "__v": 0
        },
        {
            "_id": "686e3906316b2576c6cbc8f4",
            "count": 4,
            "multiplier": 1.5,
            "type": "Streak",
            "__v": 0
        },
        {
            "_id": "682efee66558207f3f09e9a3",
            "count": 1000,
            "multiplier": 1.4,
            "type": "Ticket",
            "__v": 0
        },
        {
            "_id": "682efee66558207f3f09e9a4",
            "count": 2000,
            "multiplier": 1.6,
            "type": "Ticket",
            "__v": 0
        },
        {
            "_id": "682efee66558207f3f09e9a5",
            "count": 3000,
            "multiplier": 1.8,
            "type": "Ticket",
            "__v": 0
        },
        {
            "_id": "682efee66558207f3f09e9a6",
            "count": 4500,
            "multiplier": 2,
            "type": "Ticket",
            "__v": 0
        },
        {
            "_id": "682efee66558207f3f09e9a7",
            "count": 5625,
            "multiplier": 2.2,
            "type": "Ticket",
            "__v": 0
        },
        {
            "_id": "682efee66558207f3f09e9a8",
            "count": 6750,
            "multiplier": 2.4,
            "type": "Ticket",
            "__v": 0
        },
        {
            "_id": "682efee66558207f3f09e9a9",
            "count": 12000,
            "multiplier": 2.6,
            "type": "Ticket",
            "__v": 0
        },
        {
            "_id": "6870be14e3e6c2cd45070450",
            "count": 666765,
            "multiplier": 2,
            "type": "Ticket",
            "__v": 0
        }
    ],
    "page": {
        "totalDocs": 16,
        "limit": 100,
        "totalPages": 1,
        "page": 1,
        "pagingCounter": 1,
        "hasPrevPage": false,
        "hasNextPage": false,
        "prevPage": 0,
        "nextPage": 2,
        "total": 16
    }
}
[INFO ] 2025-07-11 12:33:05.223 [main] BingoAutomation - Points Wager Get Successfully
Name of test method sucessfully executed:testadminpointwagerfetch
]]></system-out>
  </testcase>
  <testcase name="testadminpointwagerupdate[666765.0, 5.0, Ticket](1)" classname="api.testcases.Adminpointswagertestcase" time="1.291">
    <system-out><![CDATA[[DEBUG] 2025-07-11 12:33:05.296 [main] PackageRelationshipCollection - Parsing relationship: /xl/_rels/workbook.xml.rels
[DEBUG] 2025-07-11 12:33:05.297 [main] PackageRelationshipCollection - Parsing relationship: /_rels/.rels
[DEBUG] 2025-07-11 12:33:05.316 [main] PackageRelationshipCollection - Parsing relationship: /xl/_rels/workbook.xml.rels
[DEBUG] 2025-07-11 12:33:05.317 [main] PackageRelationshipCollection - Parsing relationship: /_rels/.rels
[DEBUG] 2025-07-11 12:33:05.335 [main] PackageRelationshipCollection - Parsing relationship: /xl/_rels/workbook.xml.rels
[DEBUG] 2025-07-11 12:33:05.336 [main] PackageRelationshipCollection - Parsing relationship: /_rels/.rels
[DEBUG] 2025-07-11 12:33:05.353 [main] PackageRelationshipCollection - Parsing relationship: /xl/_rels/workbook.xml.rels
[DEBUG] 2025-07-11 12:33:05.354 [main] PackageRelationshipCollection - Parsing relationship: /_rels/.rels
[DEBUG] 2025-07-11 12:33:05.371 [main] PackageRelationshipCollection - Parsing relationship: /xl/_rels/workbook.xml.rels
[DEBUG] 2025-07-11 12:33:05.372 [main] PackageRelationshipCollection - Parsing relationship: /_rels/.rels
Name of test method started:testadminpointwagerupdate
HTTP/1.1 200 OK
Server: nginx/1.18.0 (Ubuntu)
Date: Fri, 11 Jul 2025 07:32:38 GMT
Content-Type: application/json; charset=utf-8
Content-Length: 143
Connection: keep-alive
X-Powered-By: Express
Access-Control-Allow-Origin: *
X-RateLimit-Limit-short: 10
X-RateLimit-Remaining-short: 9
X-RateLimit-Reset-short: 1
X-RateLimit-Limit-long: 10000
X-RateLimit-Remaining-long: 9999
X-RateLimit-Reset-long: 10
ETag: W/"8f-WfBUTwzzTdcGW+vxDYPOBw2tQoU"

{
    "message": "Ticket Wager updated successfully",
    "data": {
        "_id": "6870be14e3e6c2cd45070450",
        "count": 666765,
        "multiplier": 5,
        "type": "Ticket",
        "__v": 0
    }
}
[INFO ] 2025-07-11 12:33:06.690 [main] BingoAutomation - Points Wager Updated Successfully
Name of test method sucessfully executed:testadminpointwagerupdate
]]></system-out>
  </testcase>
  <testcase name="testadminpointwagerdelete" classname="api.testcases.Adminpointswagertestcase" time="1.271">
    <system-out><![CDATA[Name of test method started:testadminpointwagerdelete
HTTP/1.1 200 OK
Server: nginx/1.18.0 (Ubuntu)
Date: Fri, 11 Jul 2025 07:32:39 GMT
Content-Type: application/json; charset=utf-8
Content-Length: 143
Connection: keep-alive
X-Powered-By: Express
Access-Control-Allow-Origin: *
X-RateLimit-Limit-short: 10
X-RateLimit-Remaining-short: 9
X-RateLimit-Reset-short: 1
X-RateLimit-Limit-long: 10000
X-RateLimit-Remaining-long: 9999
X-RateLimit-Reset-long: 10
ETag: W/"8f-94E0GWCHs+g9D2hp8BVZVmLNzj8"

{
    "message": "Ticket Wager deleted successfully",
    "data": {
        "_id": "6870be14e3e6c2cd45070450",
        "count": 666765,
        "multiplier": 5,
        "type": "Ticket",
        "__v": 0
    }
}
[INFO ] 2025-07-11 12:33:07.963 [main] BingoAutomation - Points Wager Deleted Successfully
Name of test method sucessfully executed:testadminpointwagerdelete
]]></system-out>
  </testcase>
  <testcase name="testadminsignin[admin@hpl.com, Ali12345?!](1)" classname="api.testcases.Adminsignintestcase" time="20.723">
    <system-out><![CDATA[[DEBUG] 2025-07-11 12:33:07.973 [main] PackageRelationshipCollection - Parsing relationship: /xl/_rels/workbook.xml.rels
[DEBUG] 2025-07-11 12:33:07.974 [main] PackageRelationshipCollection - Parsing relationship: /xl/worksheets/_rels/sheet1.xml.rels
[DEBUG] 2025-07-11 12:33:07.975 [main] PackageRelationshipCollection - Parsing relationship: /_rels/.rels
[DEBUG] 2025-07-11 12:33:07.999 [main] PackageRelationshipCollection - Parsing relationship: /xl/_rels/workbook.xml.rels
[DEBUG] 2025-07-11 12:33:08.000 [main] PackageRelationshipCollection - Parsing relationship: /xl/worksheets/_rels/sheet1.xml.rels
[DEBUG] 2025-07-11 12:33:08.001 [main] PackageRelationshipCollection - Parsing relationship: /_rels/.rels
[DEBUG] 2025-07-11 12:33:08.018 [main] PackageRelationshipCollection - Parsing relationship: /xl/_rels/workbook.xml.rels
[DEBUG] 2025-07-11 12:33:08.018 [main] PackageRelationshipCollection - Parsing relationship: /xl/worksheets/_rels/sheet1.xml.rels
[DEBUG] 2025-07-11 12:33:08.019 [main] PackageRelationshipCollection - Parsing relationship: /_rels/.rels
[DEBUG] 2025-07-11 12:33:08.035 [main] PackageRelationshipCollection - Parsing relationship: /xl/_rels/workbook.xml.rels
[DEBUG] 2025-07-11 12:33:08.036 [main] PackageRelationshipCollection - Parsing relationship: /xl/worksheets/_rels/sheet1.xml.rels
[DEBUG] 2025-07-11 12:33:08.037 [main] PackageRelationshipCollection - Parsing relationship: /_rels/.rels
Name of test method started:testadminsignin
HTTP/1.1 201 Created
Server: nginx/1.18.0 (Ubuntu)
Date: Fri, 11 Jul 2025 07:33:00 GMT
Content-Type: application/json; charset=utf-8
Content-Length: 680
Connection: keep-alive
X-Powered-By: Express
Access-Control-Allow-Origin: *
X-RateLimit-Limit-short: 1
X-RateLimit-Remaining-short: 0
X-RateLimit-Reset-short: 3
X-RateLimit-Limit-long: 5
X-RateLimit-Remaining-long: 0
X-RateLimit-Reset-long: 60
ETag: W/"2a8-8+zj2+1zilgkTkRoXhdTjnqgQso"

{
    "message": "Login Successfully",
    "data": {
        "_id": "6834761c8d7b62f1c97fe2c1",
        "userName": "Admin",
        "email": "admin@hpl.com",
        "accessToken": "eyJhbGciOiJIUzI1NiIsInR5cCI6IkpXVCJ9.eyJfaWQiOiI2ODM0NzYxYzhkN2I2MmYxYzk3ZmUyYzEiLCJzZXNzaW9uSWQiOiI2ODcwYmUyY2UzZTZjMmNkNDUwNzA0NWYiLCJ1c2VyVHlwZSI6IkFkbWluIiwiaWF0IjoxNzUyMjE5MTgwLCJleHAiOjE3NTIzMDU1ODB9.q6AnpyerAoNfJTmCN-K5exe_h4g9UCDd7cc0jbQKFi0",
        "refreshToken": "eyJhbGciOiJIUzI1NiIsInR5cCI6IkpXVCJ9.eyJzZXNzaW9uSWQiOiI2ODcwYmUyY2UzZTZjMmNkNDUwNzA0NWYiLCJoYXNoIjoiZjA4YzhlM2Y1YjM3NmVlNGFmYWIwYTA4YzlkMmYwODNiZjk1NmQ5NDQ4NTRhMmJkMmY5MWY3NzBhNjc2OTVlMCIsImlhdCI6MTc1MjIxOTE4MCwiZXhwIjoxNzU0ODExMTgwfQ.n6yFv91A5q5dmchGKf--J5LQ2L0x1rTYIaTLcpRWDPQ"
    }
}
[INFO ] 2025-07-11 12:33:28.785 [main] BingoAutomation - User Sign In Successfully
Name of test method sucessfully executed:testadminsignin
]]></system-out>
  </testcase>
  <testcase name="testadminpowerupcreate[New Powerup, New Powerup, https://gratisography.com/wp-content/uploads/2024/11/gratisography-augmented-reality-800x525.jpg, https://gratisography.com/wp-content/uploads/2024/11/gratisography-augmented-reality-800x525.jpg, Special, 1.0, asd](1)" classname="api.testcases.Adminpoweruptestcase" time="0.643">
    <system-out><![CDATA[HTTP/1.1 201 Created
Server: nginx/1.18.0 (Ubuntu)
Date: Fri, 11 Jul 2025 07:33:08 GMT
Content-Type: application/json; charset=utf-8
Content-Length: 680
Connection: keep-alive
X-Powered-By: Express
Access-Control-Allow-Origin: *
X-RateLimit-Limit-short: 1
X-RateLimit-Remaining-short: 0
X-RateLimit-Reset-short: 3
X-RateLimit-Limit-long: 5
X-RateLimit-Remaining-long: 0
X-RateLimit-Reset-long: 53
ETag: W/"2a8-fMpl7qdaLxf2jqyJjQa6QMU+2po"

{
    "message": "Login Successfully",
    "data": {
        "_id": "6834761c8d7b62f1c97fe2c1",
        "userName": "Admin",
        "email": "admin@hpl.com",
        "accessToken": "eyJhbGciOiJIUzI1NiIsInR5cCI6IkpXVCJ9.eyJfaWQiOiI2ODM0NzYxYzhkN2I2MmYxYzk3ZmUyYzEiLCJzZXNzaW9uSWQiOiI2ODcwYmUzNGUzZTZjMmNkNDUwNzA0NjQiLCJ1c2VyVHlwZSI6IkFkbWluIiwiaWF0IjoxNzUyMjE5MTg4LCJleHAiOjE3NTIzMDU1ODh9._-Nm7uaT8Nlti2Crgw_x5CnZXBcMljH97K4dqEW0GWU",
        "refreshToken": "eyJhbGciOiJIUzI1NiIsInR5cCI6IkpXVCJ9.eyJzZXNzaW9uSWQiOiI2ODcwYmUzNGUzZTZjMmNkNDUwNzA0NjQiLCJoYXNoIjoiZWNiNTBiNTE4MjY3YmIzYjBkNmYzNjNiZDFhYzAzYzdjZmVhNDJhNmI5NzhhYjk1NTM3OTU5NmMzNDdmNjBhNiIsImlhdCI6MTc1MjIxOTE4OCwiZXhwIjoxNzU0ODExMTg4fQ.I_u7Sm-Xu11WTcjPq2J_JDtUNFer0oxf4kB3sF9ViWo"
    }
}
[INFO ] 2025-07-11 12:33:36.491 [main] BingoAutomation - User Sign In Successfully
[DEBUG] 2025-07-11 12:33:36.505 [main] PackageRelationshipCollection - Parsing relationship: /xl/_rels/workbook.xml.rels
[DEBUG] 2025-07-11 12:33:36.506 [main] PackageRelationshipCollection - Parsing relationship: /_rels/.rels
[DEBUG] 2025-07-11 12:33:36.526 [main] PackageRelationshipCollection - Parsing relationship: /xl/_rels/workbook.xml.rels
[DEBUG] 2025-07-11 12:33:36.527 [main] PackageRelationshipCollection - Parsing relationship: /_rels/.rels
[DEBUG] 2025-07-11 12:33:36.550 [main] PackageRelationshipCollection - Parsing relationship: /xl/_rels/workbook.xml.rels
[DEBUG] 2025-07-11 12:33:36.550 [main] PackageRelationshipCollection - Parsing relationship: /_rels/.rels
[DEBUG] 2025-07-11 12:33:36.618 [main] PackageRelationshipCollection - Parsing relationship: /xl/_rels/workbook.xml.rels
[DEBUG] 2025-07-11 12:33:36.620 [main] PackageRelationshipCollection - Parsing relationship: /_rels/.rels
[DEBUG] 2025-07-11 12:33:36.651 [main] PackageRelationshipCollection - Parsing relationship: /xl/_rels/workbook.xml.rels
[DEBUG] 2025-07-11 12:33:36.652 [main] PackageRelationshipCollection - Parsing relationship: /_rels/.rels
[DEBUG] 2025-07-11 12:33:36.696 [main] PackageRelationshipCollection - Parsing relationship: /xl/_rels/workbook.xml.rels
[DEBUG] 2025-07-11 12:33:36.697 [main] PackageRelationshipCollection - Parsing relationship: /_rels/.rels
[DEBUG] 2025-07-11 12:33:36.750 [main] PackageRelationshipCollection - Parsing relationship: /xl/_rels/workbook.xml.rels
[DEBUG] 2025-07-11 12:33:36.751 [main] PackageRelationshipCollection - Parsing relationship: /_rels/.rels
[DEBUG] 2025-07-11 12:33:36.771 [main] PackageRelationshipCollection - Parsing relationship: /xl/_rels/workbook.xml.rels
[DEBUG] 2025-07-11 12:33:36.773 [main] PackageRelationshipCollection - Parsing relationship: /_rels/.rels
[DEBUG] 2025-07-11 12:33:36.793 [main] PackageRelationshipCollection - Parsing relationship: /xl/_rels/workbook.xml.rels
[DEBUG] 2025-07-11 12:33:36.794 [main] PackageRelationshipCollection - Parsing relationship: /_rels/.rels
[DEBUG] 2025-07-11 12:33:36.810 [main] PackageRelationshipCollection - Parsing relationship: /xl/_rels/workbook.xml.rels
[DEBUG] 2025-07-11 12:33:36.811 [main] PackageRelationshipCollection - Parsing relationship: /_rels/.rels
[DEBUG] 2025-07-11 12:33:36.834 [main] PackageRelationshipCollection - Parsing relationship: /xl/_rels/workbook.xml.rels
[DEBUG] 2025-07-11 12:33:36.836 [main] PackageRelationshipCollection - Parsing relationship: /_rels/.rels
[DEBUG] 2025-07-11 12:33:36.857 [main] PackageRelationshipCollection - Parsing relationship: /xl/_rels/workbook.xml.rels
[DEBUG] 2025-07-11 12:33:36.858 [main] PackageRelationshipCollection - Parsing relationship: /_rels/.rels
[DEBUG] 2025-07-11 12:33:36.876 [main] PackageRelationshipCollection - Parsing relationship: /xl/_rels/workbook.xml.rels
[DEBUG] 2025-07-11 12:33:36.877 [main] PackageRelationshipCollection - Parsing relationship: /_rels/.rels
[DEBUG] 2025-07-11 12:33:36.897 [main] PackageRelationshipCollection - Parsing relationship: /xl/_rels/workbook.xml.rels
[DEBUG] 2025-07-11 12:33:36.899 [main] PackageRelationshipCollection - Parsing relationship: /_rels/.rels
[DEBUG] 2025-07-11 12:33:36.916 [main] PackageRelationshipCollection - Parsing relationship: /xl/_rels/workbook.xml.rels
[DEBUG] 2025-07-11 12:33:36.919 [main] PackageRelationshipCollection - Parsing relationship: /_rels/.rels
[DEBUG] 2025-07-11 12:33:36.949 [main] PackageRelationshipCollection - Parsing relationship: /xl/_rels/workbook.xml.rels
[DEBUG] 2025-07-11 12:33:36.950 [main] PackageRelationshipCollection - Parsing relationship: /_rels/.rels
[DEBUG] 2025-07-11 12:33:36.967 [main] PackageRelationshipCollection - Parsing relationship: /xl/_rels/workbook.xml.rels
[DEBUG] 2025-07-11 12:33:36.969 [main] PackageRelationshipCollection - Parsing relationship: /_rels/.rels
[DEBUG] 2025-07-11 12:33:36.992 [main] PackageRelationshipCollection - Parsing relationship: /xl/_rels/workbook.xml.rels
[DEBUG] 2025-07-11 12:33:36.993 [main] PackageRelationshipCollection - Parsing relationship: /_rels/.rels
[DEBUG] 2025-07-11 12:33:37.011 [main] PackageRelationshipCollection - Parsing relationship: /xl/_rels/workbook.xml.rels
[DEBUG] 2025-07-11 12:33:37.012 [main] PackageRelationshipCollection - Parsing relationship: /_rels/.rels
[DEBUG] 2025-07-11 12:33:37.046 [main] PackageRelationshipCollection - Parsing relationship: /xl/_rels/workbook.xml.rels
[DEBUG] 2025-07-11 12:33:37.046 [main] PackageRelationshipCollection - Parsing relationship: /_rels/.rels
[DEBUG] 2025-07-11 12:33:37.064 [main] PackageRelationshipCollection - Parsing relationship: /xl/_rels/workbook.xml.rels
[DEBUG] 2025-07-11 12:33:37.065 [main] PackageRelationshipCollection - Parsing relationship: /_rels/.rels
[DEBUG] 2025-07-11 12:33:37.094 [main] PackageRelationshipCollection - Parsing relationship: /xl/_rels/workbook.xml.rels
[DEBUG] 2025-07-11 12:33:37.095 [main] PackageRelationshipCollection - Parsing relationship: /_rels/.rels
[DEBUG] 2025-07-11 12:33:37.112 [main] PackageRelationshipCollection - Parsing relationship: /xl/_rels/workbook.xml.rels
[DEBUG] 2025-07-11 12:33:37.112 [main] PackageRelationshipCollection - Parsing relationship: /_rels/.rels
Name of test method started:testadminpowerupcreate
HTTP/1.1 201 Created
Server: nginx/1.18.0 (Ubuntu)
Date: Fri, 11 Jul 2025 07:33:09 GMT
Content-Type: application/json; charset=utf-8
Content-Length: 492
Connection: keep-alive
X-Powered-By: Express
Access-Control-Allow-Origin: *
X-RateLimit-Limit-short: 10
X-RateLimit-Remaining-short: 9
X-RateLimit-Reset-short: 1
X-RateLimit-Limit-long: 10000
X-RateLimit-Remaining-long: 9999
X-RateLimit-Reset-long: 10
ETag: W/"1ec-yoSgNkBR6WFOAYSMV5F6gG1jJcs"

{
    "message": "PowerUp Created Successfully",
    "data": {
        "shortCode": "New Powerup",
        "name": "New Powerup",
        "image": "https://gratisography.com/wp-content/uploads/2024/11/gratisography-augmented-reality-800x525.jpg",
        "imageLarge": "https://gratisography.com/wp-content/uploads/2024/11/gratisography-augmented-reality-800x525.jpg",
        "description": "asd",
        "rarity": "Special",
        "defaultCount": 1,
        "_id": "6870be35e3e6c2cd45070467",
        "createdAt": "2025-07-11T07:33:09.655Z",
        "updatedAt": "2025-07-11T07:33:09.655Z",
        "__v": 0
    }
}
[INFO ] 2025-07-11 12:33:37.782 [main] BingoAutomation - PowerUp Created Successfully
Name of test method sucessfully executed:testadminpowerupcreate
]]></system-out>
  </testcase>
  <testcase name="testadminpowerupcreate[New Powerup2, New Powerup2, https://cdn.pixabay.com/photo/2024/05/26/10/15/bird-8788491_1280.jpg, https://cdn.pixabay.com/photo/2024/05/26/10/15/bird-8788491_1280.jpg, Rare, 1.0, sdas](2)" classname="api.testcases.Adminpoweruptestcase" time="0.653">
    <system-out><![CDATA[Name of test method started:testadminpowerupcreate
HTTP/1.1 201 Created
Server: nginx/1.18.0 (Ubuntu)
Date: Fri, 11 Jul 2025 07:33:10 GMT
Content-Type: application/json; charset=utf-8
Content-Length: 436
Connection: keep-alive
X-Powered-By: Express
Access-Control-Allow-Origin: *
X-RateLimit-Limit-short: 10
X-RateLimit-Remaining-short: 8
X-RateLimit-Reset-short: 1
X-RateLimit-Limit-long: 10000
X-RateLimit-Remaining-long: 9998
X-RateLimit-Reset-long: 10
ETag: W/"1b4-I+cnre3yHf3/MVSR6rVURAnESw8"

{
    "message": "PowerUp Created Successfully",
    "data": {
        "shortCode": "New Powerup2",
        "name": "New Powerup2",
        "image": "https://cdn.pixabay.com/photo/2024/05/26/10/15/bird-8788491_1280.jpg",
        "imageLarge": "https://cdn.pixabay.com/photo/2024/05/26/10/15/bird-8788491_1280.jpg",
        "description": "sdas",
        "rarity": "Rare",
        "defaultCount": 1,
        "_id": "6870be36e3e6c2cd4507046b",
        "createdAt": "2025-07-11T07:33:10.318Z",
        "updatedAt": "2025-07-11T07:33:10.318Z",
        "__v": 0
    }
}
[INFO ] 2025-07-11 12:33:38.435 [main] BingoAutomation - PowerUp Created Successfully
Name of test method sucessfully executed:testadminpowerupcreate
]]></system-out>
  </testcase>
  <testcase name="testadminpowerupcreate[New Powerup3, New Powerup3, https://images.ctfassets.net/hrltx12pl8hq/28ECAQiPJZ78hxatLTa7Ts/2f695d869736ae3b0de3e56ceaca3958/free-nature-images.jpg?fit=fill&amp;w=1200&amp;h=630, https://images.ctfassets.net/hrltx12pl8hq/28ECAQiPJZ78hxatLTa7Ts/2f695d869736ae3b0de3e56ceaca3958/free-nature-images.jpg?fit=fill&amp;w=1200&amp;h=630, Common, 0.0, sdasdasddsa](3)" classname="api.testcases.Adminpoweruptestcase" time="0.619">
    <system-out><![CDATA[Name of test method started:testadminpowerupcreate
HTTP/1.1 201 Created
Server: nginx/1.18.0 (Ubuntu)
Date: Fri, 11 Jul 2025 07:33:10 GMT
Content-Type: application/json; charset=utf-8
Content-Length: 593
Connection: keep-alive
X-Powered-By: Express
Access-Control-Allow-Origin: *
X-RateLimit-Limit-short: 10
X-RateLimit-Remaining-short: 8
X-RateLimit-Reset-short: 1
X-RateLimit-Limit-long: 10000
X-RateLimit-Remaining-long: 9997
X-RateLimit-Reset-long: 9
ETag: W/"251-pmfwUy/NN8N+UkaX1mWXZlZ1jac"

{
    "message": "PowerUp Created Successfully",
    "data": {
        "shortCode": "New Powerup3",
        "name": "New Powerup3",
        "image": "https://images.ctfassets.net/hrltx12pl8hq/28ECAQiPJZ78hxatLTa7Ts/2f695d869736ae3b0de3e56ceaca3958/free-nature-images.jpg?fit=fill&w=1200&h=630",
        "imageLarge": "https://images.ctfassets.net/hrltx12pl8hq/28ECAQiPJZ78hxatLTa7Ts/2f695d869736ae3b0de3e56ceaca3958/free-nature-images.jpg?fit=fill&w=1200&h=630",
        "description": "sdasdasddsa",
        "rarity": "Common",
        "defaultCount": 0,
        "_id": "6870be36e3e6c2cd4507046f",
        "createdAt": "2025-07-11T07:33:10.961Z",
        "updatedAt": "2025-07-11T07:33:10.961Z",
        "__v": 0
    }
}
[INFO ] 2025-07-11 12:33:39.078 [main] BingoAutomation - PowerUp Created Successfully
Name of test method sucessfully executed:testadminpowerupcreate
]]></system-out>
  </testcase>
  <testcase name="testadminpowerupfetch" classname="api.testcases.Adminpoweruptestcase" time="0.662">
    <system-out><![CDATA[Name of test method started:testadminpowerupfetch
HTTP/1.1 200 OK
Server: nginx/1.18.0 (Ubuntu)
Date: Fri, 11 Jul 2025 07:33:11 GMT
Content-Type: application/json; charset=utf-8
Content-Length: 4403
Connection: keep-alive
X-Powered-By: Express
Access-Control-Allow-Origin: *
X-RateLimit-Limit-short: 10
X-RateLimit-Remaining-short: 9
X-RateLimit-Reset-short: 1
X-RateLimit-Limit-long: 10000
X-RateLimit-Remaining-long: 9999
X-RateLimit-Reset-long: 10
ETag: W/"1133-2KMWxB9xdrpoXPujMg3uyHfk0zM"

{
    "message": "PowerUps Fetched Successfully",
    "data": [
        {
            "_id": "686bd803f2aadbe8dafe3c9e",
            "shortCode": "SingleDaub",
            "name": "Single Daub",
            "image": "https://cubixco.s3.us-west-2.amazonaws.com/bingo-game-seeders/1750170301818_SingleDubSmall.png",
            "imageLarge": "https://cubixco.s3.us-west-2.amazonaws.com/bingo-game-seeders/1750169631624_SingleDub.png",
            "description": "Daub one square randomly on each card.",
            "rarity": "Common",
            "defaultCount": 1,
            "__v": 0,
            "createdAt": "2025-07-07T14:21:55.790Z",
            "updatedAt": "2025-07-07T15:20:41.852Z"
        },
        {
            "_id": "686bd803f2aadbe8dafe3c9f",
            "shortCode": "MultipleDaub",
            "name": "Multiple Daub",
            "image": "https://cubixco.s3.us-west-2.amazonaws.com/bingo-game-seeders/1750170431937_MultiDubSmall.png",
            "imageLarge": "https://cubixco.s3.us-west-2.amazonaws.com/bingo-game-seeders/1750169675033_MultiDub.png",
            "description": "Daubs multiple squares randomly on each card.",
            "rarity": "Common",
            "defaultCount": 1,
            "__v": 0,
            "createdAt": "2025-07-07T14:21:55.790Z",
            "updatedAt": "2025-07-07T14:21:55.790Z"
        },
        {
            "_id": "686bd803f2aadbe8dafe3ca0",
            "shortCode": "InstaBingo",
            "name": "Insta Bingo",
            "image": "https://cubixco.s3.us-west-2.amazonaws.com/bingo-game-seeders/1750170545181_InstaBingoSmall.png",
            "imageLarge": "https://cubixco.s3.us-west-2.amazonaws.com/bingo-game-seeders/1750169719354_InstaBingo.png",
            "description": "Automatically completes the bingo of that card.",
            "rarity": "Special",
            "defaultCount": 1,
            "__v": 0,
            "createdAt": "2025-07-07T14:21:55.790Z",
            "updatedAt": "2025-07-07T14:21:55.790Z"
        },
        {
            "_id": "686bd803f2aadbe8dafe3ca1",
            "shortCode": "X2PointsMultiplier",
            "name": "2x Points Multiplier",
            "image": "https://cubixco.s3.us-west-2.amazonaws.com/bingo-game-seeders/1750170632609_2XMultiplierSmall.png",
            "imageLarge": "https://cubixco.s3.us-west-2.amazonaws.com/bingo-game-seeders/1750169800224_2XMultiplier.png",
            "description": "2X Points Multiplier (All Cards).",
            "rarity": "Common",
            "defaultCount": 1,
            "__v": 0,
            "createdAt": "2025-07-07T14:21:55.791Z",
            "updatedAt": "2025-07-07T14:21:55.791Z"
        },
        {
            "_id": "686bd803f2aadbe8dafe3ca2",
            "shortCode": "X2PointsAll",
            "name": "2x Points All",
            "image": "https://cubixco.s3.us-west-2.amazonaws.com/bingo-game-seeders/1750170726969_2XAllSmall.png",
            "imageLarge": "https://cubixco.s3.us-west-2.amazonaws.com/bingo-game-seeders/1750169852031_2XAll.png",
            "description": "2X Points Multiplier + Rewards (All Cards & Rewards).",
            "rarity": "Rare",
            "defaultCount": 1,
            "__v": 0,
            "createdAt": "2025-07-07T14:21:55.791Z",
            "updatedAt": "2025-07-07T14:21:55.791Z"
        },
        {
            "_id": "686bd803f2aadbe8dafe3ca3",
            "shortCode": "Gems",
            "name": "Gems",
            "image": "https://cubixco.s3.us-west-2.amazonaws.com/bingo-game-seeders/1750170796796_GemsSmall.png",
            "imageLarge": "https://cubixco.s3.us-west-2.amazonaws.com/bingo-game-seeders/1750169893384_Gems.png",
            "description": "Gems provide 10,000 points per card.",
            "rarity": "Special",
            "defaultCount": 1,
            "__v": 0,
            "createdAt": "2025-07-07T14:21:55.791Z",
            "updatedAt": "2025-07-07T14:21:55.791Z"
        },
        {
            "_id": "6870be35e3e6c2cd45070467",
            "shortCode": "New Powerup",
            "name": "New Powerup",
            "image": "https://gratisography.com/wp-content/uploads/2024/11/gratisography-augmented-reality-800x525.jpg",
            "imageLarge": "https://gratisography.com/wp-content/uploads/2024/11/gratisography-augmented-reality-800x525.jpg",
            "description": "asd",
            "rarity": "Special",
            "defaultCount": 1,
            "createdAt": "2025-07-11T07:33:09.655Z",
            "updatedAt": "2025-07-11T07:33:09.655Z",
            "__v": 0
        },
        {
            "_id": "6870be36e3e6c2cd4507046b",
            "shortCode": "New Powerup2",
            "name": "New Powerup2",
            "image": "https://cdn.pixabay.com/photo/2024/05/26/10/15/bird-8788491_1280.jpg",
            "imageLarge": "https://cdn.pixabay.com/photo/2024/05/26/10/15/bird-8788491_1280.jpg",
            "description": "sdas",
            "rarity": "Rare",
            "defaultCount": 1,
            "createdAt": "2025-07-11T07:33:10.318Z",
            "updatedAt": "2025-07-11T07:33:10.318Z",
            "__v": 0
        },
        {
            "_id": "6870be36e3e6c2cd4507046f",
            "shortCode": "New Powerup3",
            "name": "New Powerup3",
            "image": "https://images.ctfassets.net/hrltx12pl8hq/28ECAQiPJZ78hxatLTa7Ts/2f695d869736ae3b0de3e56ceaca3958/free-nature-images.jpg?fit=fill&w=1200&h=630",
            "imageLarge": "https://images.ctfassets.net/hrltx12pl8hq/28ECAQiPJZ78hxatLTa7Ts/2f695d869736ae3b0de3e56ceaca3958/free-nature-images.jpg?fit=fill&w=1200&h=630",
            "description": "sdasdasddsa",
            "rarity": "Common",
            "defaultCount": 0,
            "createdAt": "2025-07-11T07:33:10.961Z",
            "updatedAt": "2025-07-11T07:33:10.961Z",
            "__v": 0
        }
    ],
    "page": {
        "totalDocs": 9,
        "limit": 10,
        "totalPages": 1,
        "page": 1,
        "pagingCounter": 1,
        "hasPrevPage": false,
        "hasNextPage": false,
        "prevPage": 0,
        "nextPage": 2,
        "total": 9
    }
}
[INFO ] 2025-07-11 12:33:39.745 [main] BingoAutomation - PowerUp Get Successfully
Name of test method sucessfully executed:testadminpowerupfetch
]]></system-out>
  </testcase>
  <testcase name="testadminpowerupupdate[New Powerup, https://gratisography.com/wp-content/uploads/2024/11/gratisography-augmented-reality-800x525.jpg, https://gratisography.com/wp-content/uploads/2024/11/gratisography-augmented-reality-800x525.jpg, lorem ipsum, Special, 1.0](1)" classname="api.testcases.Adminpoweruptestcase" time="1.305">
    <system-out><![CDATA[[DEBUG] 2025-07-11 12:33:39.749 [main] PackageRelationshipCollection - Parsing relationship: /xl/_rels/workbook.xml.rels
[DEBUG] 2025-07-11 12:33:39.750 [main] PackageRelationshipCollection - Parsing relationship: /_rels/.rels
[DEBUG] 2025-07-11 12:33:39.765 [main] PackageRelationshipCollection - Parsing relationship: /xl/_rels/workbook.xml.rels
[DEBUG] 2025-07-11 12:33:39.766 [main] PackageRelationshipCollection - Parsing relationship: /_rels/.rels
[DEBUG] 2025-07-11 12:33:39.779 [main] PackageRelationshipCollection - Parsing relationship: /xl/_rels/workbook.xml.rels
[DEBUG] 2025-07-11 12:33:39.780 [main] PackageRelationshipCollection - Parsing relationship: /_rels/.rels
[DEBUG] 2025-07-11 12:33:39.795 [main] PackageRelationshipCollection - Parsing relationship: /xl/_rels/workbook.xml.rels
[DEBUG] 2025-07-11 12:33:39.796 [main] PackageRelationshipCollection - Parsing relationship: /_rels/.rels
[DEBUG] 2025-07-11 12:33:39.808 [main] PackageRelationshipCollection - Parsing relationship: /xl/_rels/workbook.xml.rels
[DEBUG] 2025-07-11 12:33:39.809 [main] PackageRelationshipCollection - Parsing relationship: /_rels/.rels
[DEBUG] 2025-07-11 12:33:39.818 [main] PackageRelationshipCollection - Parsing relationship: /xl/_rels/workbook.xml.rels
[DEBUG] 2025-07-11 12:33:39.819 [main] PackageRelationshipCollection - Parsing relationship: /_rels/.rels
[DEBUG] 2025-07-11 12:33:39.829 [main] PackageRelationshipCollection - Parsing relationship: /xl/_rels/workbook.xml.rels
[DEBUG] 2025-07-11 12:33:39.830 [main] PackageRelationshipCollection - Parsing relationship: /_rels/.rels
[DEBUG] 2025-07-11 12:33:39.843 [main] PackageRelationshipCollection - Parsing relationship: /xl/_rels/workbook.xml.rels
[DEBUG] 2025-07-11 12:33:39.844 [main] PackageRelationshipCollection - Parsing relationship: /_rels/.rels
Name of test method started:testadminpowerupupdate
HTTP/1.1 200 OK
Server: nginx/1.18.0 (Ubuntu)
Date: Fri, 11 Jul 2025 07:33:13 GMT
Content-Type: application/json; charset=utf-8
Content-Length: 501
Connection: keep-alive
X-Powered-By: Express
Access-Control-Allow-Origin: *
X-RateLimit-Limit-short: 10
X-RateLimit-Remaining-short: 9
X-RateLimit-Reset-short: 1
X-RateLimit-Limit-long: 10000
X-RateLimit-Remaining-long: 9999
X-RateLimit-Reset-long: 10
ETag: W/"1f5-S56TiYx5/ZeUQONdb2mGB/nbBJY"

{
    "message": "PowerUp Updated Successfully",
    "data": {
        "_id": "6870be36e3e6c2cd4507046f",
        "shortCode": "New Powerup3",
        "name": "New Powerup",
        "image": "https://gratisography.com/wp-content/uploads/2024/11/gratisography-augmented-reality-800x525.jpg",
        "imageLarge": "https://gratisography.com/wp-content/uploads/2024/11/gratisography-augmented-reality-800x525.jpg",
        "description": "lorem ipsum",
        "rarity": "Special",
        "defaultCount": 1,
        "createdAt": "2025-07-11T07:33:10.961Z",
        "updatedAt": "2025-07-11T07:33:13.035Z",
        "__v": 0
    }
}
[INFO ] 2025-07-11 12:33:41.154 [main] BingoAutomation - PowerUp Updated Successfully
Name of test method sucessfully executed:testadminpowerupupdate
]]></system-out>
  </testcase>
  <testcase name="testadminpowerpdelete" classname="api.testcases.Adminpoweruptestcase" time="2.585">
    <system-out><![CDATA[Name of test method started:testadminpowerpdelete
HTTP/1.1 200 OK
Server: nginx/1.18.0 (Ubuntu)
Date: Fri, 11 Jul 2025 07:33:14 GMT
Content-Type: application/json; charset=utf-8
Content-Length: 492
Connection: keep-alive
X-Powered-By: Express
Access-Control-Allow-Origin: *
X-RateLimit-Limit-short: 10
X-RateLimit-Remaining-short: 9
X-RateLimit-Reset-short: 1
X-RateLimit-Limit-long: 10000
X-RateLimit-Remaining-long: 9999
X-RateLimit-Reset-long: 10
ETag: W/"1ec-QTB+/OwwSMUM7M8H/d1r4H1e2oQ"

{
    "message": "PowerUp Deleted Successfully",
    "data": {
        "_id": "6870be35e3e6c2cd45070467",
        "shortCode": "New Powerup",
        "name": "New Powerup",
        "image": "https://gratisography.com/wp-content/uploads/2024/11/gratisography-augmented-reality-800x525.jpg",
        "imageLarge": "https://gratisography.com/wp-content/uploads/2024/11/gratisography-augmented-reality-800x525.jpg",
        "description": "asd",
        "rarity": "Special",
        "defaultCount": 1,
        "createdAt": "2025-07-11T07:33:09.655Z",
        "updatedAt": "2025-07-11T07:33:09.655Z",
        "__v": 0
    }
}
[INFO ] 2025-07-11 12:33:42.479 [main] BingoAutomation - PowerUp Deleted Successfully
HTTP/1.1 200 OK
Server: nginx/1.18.0 (Ubuntu)
Date: Fri, 11 Jul 2025 07:33:14 GMT
Content-Type: application/json; charset=utf-8
Content-Length: 436
Connection: keep-alive
X-Powered-By: Express
Access-Control-Allow-Origin: *
X-RateLimit-Limit-short: 10
X-RateLimit-Remaining-short: 8
X-RateLimit-Reset-short: 1
X-RateLimit-Limit-long: 10000
X-RateLimit-Remaining-long: 9998
X-RateLimit-Reset-long: 10
ETag: W/"1b4-/6wyHe/VcqXgw4p0TX68eSu5t6s"

{
    "message": "PowerUp Deleted Successfully",
    "data": {
        "_id": "6870be36e3e6c2cd4507046b",
        "shortCode": "New Powerup2",
        "name": "New Powerup2",
        "image": "https://cdn.pixabay.com/photo/2024/05/26/10/15/bird-8788491_1280.jpg",
        "imageLarge": "https://cdn.pixabay.com/photo/2024/05/26/10/15/bird-8788491_1280.jpg",
        "description": "sdas",
        "rarity": "Rare",
        "defaultCount": 1,
        "createdAt": "2025-07-11T07:33:10.318Z",
        "updatedAt": "2025-07-11T07:33:10.318Z",
        "__v": 0
    }
}
[INFO ] 2025-07-11 12:33:43.109 [main] BingoAutomation - PowerUp Deleted Successfully
HTTP/1.1 200 OK
Server: nginx/1.18.0 (Ubuntu)
Date: Fri, 11 Jul 2025 07:33:15 GMT
Content-Type: application/json; charset=utf-8
Content-Length: 501
Connection: keep-alive
X-Powered-By: Express
Access-Control-Allow-Origin: *
X-RateLimit-Limit-short: 10
X-RateLimit-Remaining-short: 8
X-RateLimit-Reset-short: 1
X-RateLimit-Limit-long: 10000
X-RateLimit-Remaining-long: 9997
X-RateLimit-Reset-long: 9
ETag: W/"1f5-kHLgAOmieUP88v93Nkql/C9t/sU"

{
    "message": "PowerUp Deleted Successfully",
    "data": {
        "_id": "6870be36e3e6c2cd4507046f",
        "shortCode": "New Powerup3",
        "name": "New Powerup",
        "image": "https://gratisography.com/wp-content/uploads/2024/11/gratisography-augmented-reality-800x525.jpg",
        "imageLarge": "https://gratisography.com/wp-content/uploads/2024/11/gratisography-augmented-reality-800x525.jpg",
        "description": "lorem ipsum",
        "rarity": "Special",
        "defaultCount": 1,
        "createdAt": "2025-07-11T07:33:10.961Z",
        "updatedAt": "2025-07-11T07:33:13.035Z",
        "__v": 0
    }
}
[INFO ] 2025-07-11 12:33:43.751 [main] BingoAutomation - PowerUp Deleted Successfully
Name of test method sucessfully executed:testadminpowerpdelete
]]></system-out>
  </testcase>
  <testcase name="testadmindailyrewardcreate[38.0, PowerUp, Gems, 3.0](1)" classname="api.testcases.Admindailyrewardtestcase" time="0.555">
    <system-out><![CDATA[HTTP/1.1 201 Created
Server: nginx/1.18.0 (Ubuntu)
Date: Fri, 11 Jul 2025 07:33:23 GMT
Content-Type: application/json; charset=utf-8
Content-Length: 680
Connection: keep-alive
X-Powered-By: Express
Access-Control-Allow-Origin: *
X-RateLimit-Limit-short: 1
X-RateLimit-Remaining-short: 0
X-RateLimit-Reset-short: 3
X-RateLimit-Limit-long: 5
X-RateLimit-Remaining-long: 1
X-RateLimit-Reset-long: 38
ETag: W/"2a8-S63TzZTvhRrrpl2Kc+uUZVvPYPs"

{
    "message": "Login Successfully",
    "data": {
        "_id": "6834761c8d7b62f1c97fe2c1",
        "userName": "Admin",
        "email": "admin@hpl.com",
        "accessToken": "eyJhbGciOiJIUzI1NiIsInR5cCI6IkpXVCJ9.eyJfaWQiOiI2ODM0NzYxYzhkN2I2MmYxYzk3ZmUyYzEiLCJzZXNzaW9uSWQiOiI2ODcwYmU0M2UzZTZjMmNkNDUwNzA0ODEiLCJ1c2VyVHlwZSI6IkFkbWluIiwiaWF0IjoxNzUyMjE5MjAzLCJleHAiOjE3NTIzMDU2MDN9.RaRMJNbK13V8jp8BTVGCy_vYbEv6PUKbaD8HPDAbI6A",
        "refreshToken": "eyJhbGciOiJIUzI1NiIsInR5cCI6IkpXVCJ9.eyJzZXNzaW9uSWQiOiI2ODcwYmU0M2UzZTZjMmNkNDUwNzA0ODEiLCJoYXNoIjoiMzY1NTBjNDczN2FjY2RhNTM3ZjBlMDQyMzE2YzdiYTQ4MzYxYjBiODYwNmU2MTRmZDdjN2EzYWVhMTM1NWUzZiIsImlhdCI6MTc1MjIxOTIwMywiZXhwIjoxNzU0ODExMjAzfQ.YqYFnEpriq1zxZnbmRicKIOlfpvOe4siYhbTOwnkADI"
    }
}
[INFO ] 2025-07-11 12:33:51.444 [main] BingoAutomation - User Sign In Successfully
[...]
                "roundPlayed": 2,
                "tournamentsPlayed": 4,
                "bingos": 0,
                "bestRanking": 0,
                "totalScore": 2900
            },
            "userName": "tanveer12",
            "rank": 9
        }
    ],
    "page": {
        "totalDocs": 11,
        "limit": 10,
        "totalPages": 2,
        "page": 1,
        "pagingCounter": 1,
        "hasPrevPage": false,
        "hasNextPage": true,
        "prevPage": 0,
        "nextPage": 2,
        "total": 11
    }
}
[INFO ] 2025-07-11 12:34:06.585 [main] BingoAutomation - Leaderboard Get Successfully
Name of test method sucessfully executed:testadminleaderboard
]]></system-out>
  </testcase>
  <testcase name="testadminspinrewardcreate[13.0, Ticket, Ticket, 500.0](1)" classname="api.testcases.Adminspinrewardtestcase" time="0.668">
    <system-out><![CDATA[HTTP/1.1 201 Created
Server: nginx/1.18.0 (Ubuntu)
Date: Fri, 11 Jul 2025 07:33:46 GMT
Content-Type: application/json; charset=utf-8
Content-Length: 680
Connection: keep-alive
X-Powered-By: Express
Access-Control-Allow-Origin: *
X-RateLimit-Limit-short: 1
X-RateLimit-Remaining-short: 0
X-RateLimit-Reset-short: 3
X-RateLimit-Limit-long: 5
X-RateLimit-Remaining-long: 0
X-RateLimit-Reset-long: 15
ETag: W/"2a8-E7lVcYPopKCZrn8FpXqufQu5Rnk"

{
    "message": "Login Successfully",
    "data": {
        "_id": "6834761c8d7b62f1c97fe2c1",
        "userName": "Admin",
        "email": "admin@hpl.com",
        "accessToken": "eyJhbGciOiJIUzI1NiIsInR5cCI6IkpXVCJ9.eyJfaWQiOiI2ODM0NzYxYzhkN2I2MmYxYzk3ZmUyYzEiLCJzZXNzaW9uSWQiOiI2ODcwYmU1YWUzZTZjMmNkNDUwNzA0OWUiLCJ1c2VyVHlwZSI6IkFkbWluIiwiaWF0IjoxNzUyMjE5MjI2LCJleHAiOjE3NTIzMDU2MjZ9.pQGbzP-l-u2vrgmVhbWJXJOEF1l2o43fkdirl8rls30",
        "refreshToken": "eyJhbGciOiJIUzI1NiIsInR5cCI6IkpXVCJ9.eyJzZXNzaW9uSWQiOiI2ODcwYmU1YWUzZTZjMmNkNDUwNzA0OWUiLCJoYXNoIjoiYjVkYjMyMWNkMGZkN2Y0YmQ5YTRiODYwZmVjMjY3YmYzODQwYjBlODlkMWQ3ZTlhYjBlMTgyYzFiYmJmNTg4MyIsImlhdCI6MTc1MjIxOTIyNiwiZXhwIjoxNzU0ODExMjI2fQ.uVTcZ8GcMAzH-hu6-XrQ06FE5n7P1qtPEugos5xqCUk"
    }
}
[INFO ] 2025-07-11 12:34:14.279 [main] BingoAutomation - User Sign In Successfully
[DEBUG] 2025-07-11 12:34:14.294 [main] PackageRelationshipCollection - Parsing relationship: /xl/_rels/workbook.xml.rels
[DEBUG] 2025-07-11 12:34:14.295 [main] PackageRelationshipCollection - Parsing relationship: /_rels/.rels
[DEBUG] 2025-07-11 12:34:14.307 [main] PackageRelationshipCollection - Parsing relationship: /xl/_rels/workbook.xml.rels
[DEBUG] 2025-07-11 12:34:14.308 [main] PackageRelationshipCollection - Parsing relationship: /_rels/.rels
[DEBUG] 2025-07-11 12:34:14.318 [main] PackageRelationshipCollection - Parsing relationship: /xl/_rels/workbook.xml.rels
[DEBUG] 2025-07-11 12:34:14.319 [main] PackageRelationshipCollection - Parsing relationship: /_rels/.rels
[DEBUG] 2025-07-11 12:34:14.329 [main] PackageRelationshipCollection - Parsing relationship: /xl/_rels/workbook.xml.rels
[DEBUG] 2025-07-11 12:34:14.330 [main] PackageRelationshipCollection - Parsing relationship: /_rels/.rels
[DEBUG] 2025-07-11 12:34:14.341 [main] PackageRelationshipCollection - Parsing relationship: /xl/_rels/workbook.xml.rels
[DEBUG] 2025-07-11 12:34:14.342 [main] PackageRelationshipCollection - Parsing relationship: /_rels/.rels
[DEBUG] 2025-07-11 12:34:14.351 [main] PackageRelationshipCollection - Parsing relationship: /xl/_rels/workbook.xml.rels
[DEBUG] 2025-07-11 12:34:14.351 [main] PackageRelationshipCollection - Parsing relationship: /_rels/.rels
[DEBUG] 2025-07-11 12:34:14.360 [main] PackageRelationshipCollection - Parsing relationship: /xl/_rels/workbook.xml.rels
[DEBUG] 2025-07-11 12:34:14.361 [main] PackageRelationshipCollection - Parsing relationship: /_rels/.rels
[DEBUG] 2025-07-11 12:34:14.381 [main] PackageRelationshipCollection - Parsing relationship: /xl/_rels/workbook.xml.rels
[DEBUG] 2025-07-11 12:34:14.387 [main] PackageRelationshipCollection - Parsing relationship: /_rels/.rels
[DEBUG] 2025-07-11 12:34:14.406 [main] PackageRelationshipCollection - Parsing relationship: /xl/_rels/workbook.xml.rels
[DEBUG] 2025-07-11 12:34:14.406 [main] PackageRelationshipCollection - Parsing relationship: /_rels/.rels
[DEBUG] 2025-07-11 12:34:14.417 [main] PackageRelationshipCollection - Parsing relationship: /xl/_rels/workbook.xml.rels
[DEBUG] 2025-07-11 12:34:14.419 [main] PackageRelationshipCollection - Parsing relationship: /_rels/.rels
[DEBUG] 2025-07-11 12:34:14.430 [main] PackageRelationshipCollection - Parsing relationship: /xl/_rels/workbook.xml.rels
[DEBUG] 2025-07-11 12:34:14.430 [main] PackageRelationshipCollection - Parsing relationship: /_rels/.rels
[DEBUG] 2025-07-11 12:34:14.442 [main] PackageRelationshipCollection - Parsing relationship: /xl/_rels/workbook.xml.rels
[DEBUG] 2025-07-11 12:34:14.442 [main] PackageRelationshipCollection - Parsing relationship: /_rels/.rels
[DEBUG] 2025-07-11 12:34:14.455 [main] PackageRelationshipCollection - Parsing relationship: /xl/_rels/workbook.xml.rels
[DEBUG] 2025-07-11 12:34:14.455 [main] PackageRelationshipCollection - Parsing relationship: /_rels/.rels
[DEBUG] 2025-07-11 12:34:14.463 [main] PackageRelationshipCollection - Parsing relationship: /xl/_rels/workbook.xml.rels
[DEBUG] 2025-07-11 12:34:14.464 [main] PackageRelationshipCollection - Parsing relationship: /_rels/.rels
Name of test method started:testadminspinrewardcreate
HTTP/1.1 201 Created
Server: nginx/1.18.0 (Ubuntu)
Date: Fri, 11 Jul 2025 07:33:46 GMT
Content-Type: application/json; charset=utf-8
Content-Length: 257
Connection: keep-alive
X-Powered-By: Express
Access-Control-Allow-Origin: *
X-RateLimit-Limit-short: 10
X-RateLimit-Remaining-short: 9
X-RateLimit-Reset-short: 1
X-RateLimit-Limit-long: 10000
X-RateLimit-Remaining-long: 9999
X-RateLimit-Reset-long: 10
ETag: W/"101-egAqYaXS2zrstL7b8CPq3QFw0lU"

{
    "message": "SpinRewards Created Successfully",
    "data": {
        "sectionNumber": 13,
        "rewardType": "Ticket",
        "rewardShortCode": "Ticket",
        "quantity": 500,
        "_id": "6870be5ae3e6c2cd450704a1",
        "createdAt": "2025-07-11T07:33:46.991Z",
        "updatedAt": "2025-07-11T07:33:46.991Z",
        "__v": 0
    }
}
[INFO ] 2025-07-11 12:34:15.107 [main] BingoAutomation - Spin Reward Created Successfully
Name of test method sucessfully executed:testadminspinrewardcreate
]]></system-out>
  </testcase>
  <testcase name="testadminspinrewardcreate[14.0, Ticket, Ticket, 60.0](2)" classname="api.testcases.Adminspinrewardtestcase" time="0.615">
    <system-out><![CDATA[Name of test method started:testadminspinrewardcreate
HTTP/1.1 201 Created
Server: nginx/1.18.0 (Ubuntu)
Date: Fri, 11 Jul 2025 07:33:47 GMT
Content-Type: application/json; charset=utf-8
Content-Length: 256
Connection: keep-alive
X-Powered-By: Express
Access-Control-Allow-Origin: *
X-RateLimit-Limit-short: 10
X-RateLimit-Remaining-short: 8
X-RateLimit-Reset-short: 1
X-RateLimit-Limit-long: 10000
X-RateLimit-Remaining-long: 9998
X-RateLimit-Reset-long: 10
ETag: W/"100-xpQSL5hXP+3c52EjtZi439bMKbI"

{
    "message": "SpinRewards Created Successfully",
    "data": {
        "sectionNumber": 14,
        "rewardType": "Ticket",
        "rewardShortCode": "Ticket",
        "quantity": 60,
        "_id": "6870be5be3e6c2cd450704a4",
        "createdAt": "2025-07-11T07:33:47.654Z",
        "updatedAt": "2025-07-11T07:33:47.654Z",
        "__v": 0
    }
}
[INFO ] 2025-07-11 12:34:15.769 [main] BingoAutomation - Spin Reward Created Successfully
Name of test method sucessfully executed:testadminspinrewardcreate
]]></system-out>
  </testcase>
  <testcase name="testadminspinrewardcreate[15.0, PowerUp, SingleDaub, 5.0](3)" classname="api.testcases.Adminspinrewardtestcase" time="0.617">
    <system-out><![CDATA[Name of test method started:testadminspinrewardcreate
HTTP/1.1 201 Created
Server: nginx/1.18.0 (Ubuntu)
Date: Fri, 11 Jul 2025 07:33:48 GMT
Content-Type: application/json; charset=utf-8
Content-Length: 260
Connection: keep-alive
X-Powered-By: Express
Access-Control-Allow-Origin: *
X-RateLimit-Limit-short: 10
X-RateLimit-Remaining-short: 8
X-RateLimit-Reset-short: 1
X-RateLimit-Limit-long: 10000
X-RateLimit-Remaining-long: 9997
X-RateLimit-Reset-long: 9
ETag: W/"104-w59kxQicVALQemXW2PLWuldq5fY"

{
    "message": "SpinRewards Created Successfully",
    "data": {
        "sectionNumber": 15,
        "rewardType": "PowerUp",
        "rewardShortCode": "SingleDaub",
        "quantity": 5,
        "_id": "6870be5ce3e6c2cd450704a7",
        "createdAt": "2025-07-11T07:33:48.273Z",
        "updatedAt": "2025-07-11T07:33:48.273Z",
        "__v": 0
    }
}
[INFO ] 2025-07-11 12:34:16.386 [main] BingoAutomation - Spin Reward Created Successfully
Name of test method sucessfully executed:testadminspinrewardcreate
]]></system-out>
  </testcase>
  <testcase name="testadminspinrewardfetch" classname="api.testcases.Adminspinrewardtestcase" time="0.653">
    <system-out><![CDATA[Name of test method started:testadminspinrewardfetch
HTTP/1.1 200 OK
Server: nginx/1.18.0 (Ubuntu)
Date: Fri, 11 Jul 2025 07:33:48 GMT
Content-Type: application/json; charset=utf-8
Content-Length: 3071
Connection: keep-alive
X-Powered-By: Express
Access-Control-Allow-Origin: *
X-RateLimit-Limit-short: 10
X-RateLimit-Remaining-short: 9
X-RateLimit-Reset-short: 1
X-RateLimit-Limit-long: 10000
X-RateLimit-Remaining-long: 9999
X-RateLimit-Reset-long: 10
ETag: W/"bff-A4o6YI4Wa2pRjT+wWnpRamVl9FY"

{
    "message": "Spin Rewards Fetched Successfully",
    "data": [
        {
            "_id": "6834761c8d7b62f1c97fe310",
            "sectionNumber": 1,
            "rewardType": "Chest",
            "rewardShortCode": "T1Chest",
            "quantity": 1000,
            "__v": 0,
            "createdAt": "2025-05-26T14:09:32.981Z",
            "updatedAt": "2025-06-24T12:45:09.698Z"
        },
        {
            "_id": "6834761c8d7b62f1c97fe311",
            "sectionNumber": 2,
            "rewardType": "PowerUp",
            "rewardShortCode": "SingleDaub",
            "quantity": 1,
            "__v": 0,
            "createdAt": "2025-05-26T14:09:32.981Z",
            "updatedAt": "2025-06-24T12:46:29.293Z"
        },
        {
            "_id": "6834761c8d7b62f1c97fe312",
            "sectionNumber": 3,
            "rewardType": "PowerUp",
            "rewardShortCode": "MultipleDaub",
            "quantity": 1,
            "__v": 0,
            "createdAt": "2025-05-26T14:09:32.981Z",
            "updatedAt": "2025-05-26T14:09:32.981Z"
        },
        {
            "_id": "6834761c8d7b62f1c97fe313",
            "sectionNumber": 4,
            "rewardType": "PowerUp",
            "rewardShortCode": "InstaBingo",
            "quantity": 1,
            "__v": 0,
            "createdAt": "2025-05-26T14:09:32.981Z",
            "updatedAt": "2025-05-26T14:09:32.981Z"
        },
        {
            "_id": "6834761c8d7b62f1c97fe314",
            "sectionNumber": 5,
            "rewardType": "Chest",
            "rewardShortCode": "T1Chest",
            "quantity": 1,
            "__v": 0,
            "createdAt": "2025-05-26T14:09:32.981Z",
            "updatedAt": "2025-05-26T14:09:32.981Z"
        },
        {
            "_id": "6834761c8d7b62f1c97fe315",
            "sectionNumber": 6,
            "rewardType": "Ticket",
            "rewardShortCode": "Ticket",
            "quantity": 2000,
            "__v": 0,
            "createdAt": "2025-05-26T14:09:32.981Z",
            "updatedAt": "2025-05-26T14:09:32.981Z"
        },
        {
            "_id": "686b967a981e19fd53548111",
            "sectionNumber": 7,
            "rewardType": "Ticket",
            "rewardShortCode": "Ticket",
            "quantity": 1500,
            "createdAt": "2025-07-07T09:42:18.028Z",
            "updatedAt": "2025-07-07T09:42:18.028Z",
            "__v": 0
        },
        {
            "_id": "686b9680981e19fd53548119",
            "sectionNumber": 8,
            "rewardType": "Ticket",
            "rewardShortCode": "Ticket",
            "quantity": 1700,
            "createdAt": "2025-07-07T09:42:24.909Z",
            "updatedAt": "2025-07-07T09:42:24.909Z",
            "__v": 0
        },
        {
            "_id": "6834761c8d7b62f1c97fe319",
            "sectionNumber": 10,
            "rewardType": "Chest",
            "rewardShortCode": "T2Chest",
            "quantity": 1,
            "__v": 0,
            "createdAt": "2025-05-26T14:09:32.981Z",
            "updatedAt": "2025-05-26T14:09:32.981Z"
        },
        {
            "_id": "6834761c8d7b62f1c97fe31a",
            "sectionNumber": 11,
            "rewardType": "Ticket",
            "rewardShortCode": "Ticket",
            "quantity": 3000,
            "__v": 0,
            "createdAt": "2025-05-26T14:09:32.982Z",
            "updatedAt": "2025-05-26T14:09:32.982Z"
        },
        {
            "_id": "6834761c8d7b62f1c97fe31b",
            "sectionNumber": 12,
            "rewardType": "Chest",
            "rewardShortCode": "T3Chest",
            "quantity": 1,
            "__v": 0,
            "createdAt": "2025-05-26T14:09:32.982Z",
            "updatedAt": "2025-05-26T14:09:32.982Z"
        },
        {
            "_id": "6870be5ae3e6c2cd450704a1",
            "sectionNumber": 13,
            "rewardType": "Ticket",
            "rewardShortCode": "Ticket",
            "quantity": 500,
            "createdAt": "2025-07-11T07:33:46.991Z",
            "updatedAt": "2025-07-11T07:33:46.991Z",
            "__v": 0
        },
        {
            "_id": "6870be5be3e6c2cd450704a4",
            "sectionNumber": 14,
            "rewardType": "Ticket",
            "rewardShortCode": "Ticket",
            "quantity": 60,
            "createdAt": "2025-07-11T07:33:47.654Z",
            "updatedAt": "2025-07-11T07:33:47.654Z",
            "__v": 0
        },
        {
            "_id": "6870be5ce3e6c2cd450704a7",
            "sectionNumber": 15,
            "rewardType": "PowerUp",
            "rewardShortCode": "SingleDaub",
            "quantity": 5,
            "createdAt": "2025-07-11T07:33:48.273Z",
            "updatedAt": "2025-07-11T07:33:48.273Z",
            "__v": 0
        }
    ],
    "page": {
        "totalDocs": 14,
        "limit": 100,
        "totalPages": 1,
        "page": 1,
        "pagingCounter": 1,
        "hasPrevPage": false,
        "hasNextPage": false,
        "prevPage": 0,
        "nextPage": 2,
        "total": 14
    }
}
[INFO ] 2025-07-11 12:34:17.025 [main] BingoAutomation - Spin Reward Get Successfully
Name of test method sucessfully executed:testadminspinrewardfetch
]]></system-out>
  </testcase>
  <testcase name="testadminspinrewardupdate[15.0, Ticket, Ticket, 100.0](1)" classname="api.testcases.Adminspinrewardtestcase" time="1.302">
    <system-out><![CDATA[[DEBUG] 2025-07-11 12:34:17.043 [main] PackageRelationshipCollection - Parsing relationship: /xl/_rels/workbook.xml.rels
[DEBUG] 2025-07-11 12:34:17.044 [main] PackageRelationshipCollection - Parsing relationship: /_rels/.rels
[DEBUG] 2025-07-11 12:34:17.064 [main] PackageRelationshipCollection - Parsing relationship: /xl/_rels/workbook.xml.rels
[DEBUG] 2025-07-11 12:34:17.064 [main] PackageRelationshipCollection - Parsing relationship: /_rels/.rels
[DEBUG] 2025-07-11 12:34:17.074 [main] PackageRelationshipCollection - Parsing relationship: /xl/_rels/workbook.xml.rels
[DEBUG] 2025-07-11 12:34:17.074 [main] PackageRelationshipCollection - Parsing relationship: /_rels/.rels
[DEBUG] 2025-07-11 12:34:17.080 [main] PackageRelationshipCollection - Parsing relationship: /xl/_rels/workbook.xml.rels
[DEBUG] 2025-07-11 12:34:17.081 [main] PackageRelationshipCollection - Parsing relationship: /_rels/.rels
[DEBUG] 2025-07-11 12:34:17.091 [main] PackageRelationshipCollection - Parsing relationship: /xl/_rels/workbook.xml.rels
[DEBUG] 2025-07-11 12:34:17.092 [main] PackageRelationshipCollection - Parsing relationship: /_rels/.rels
[DEBUG] 2025-07-11 12:34:17.101 [main] PackageRelationshipCollection - Parsing relationship: /xl/_rels/workbook.xml.rels
[DEBUG] 2025-07-11 12:34:17.102 [main] PackageRelationshipCollection - Parsing relationship: /_rels/.rels
Name of test method started:testadminspinrewardupdate
HTTP/1.1 200 OK
Server: nginx/1.18.0 (Ubuntu)
Date: Fri, 11 Jul 2025 07:33:50 GMT
Content-Type: application/json; charset=utf-8
Content-Length: 257
Connection: keep-alive
X-Powered-By: Express
Access-Control-Allow-Origin: *
X-RateLimit-Limit-short: 10
X-RateLimit-Remaining-short: 9
X-RateLimit-Reset-short: 1
X-RateLimit-Limit-long: 10000
X-RateLimit-Remaining-long: 9999
X-RateLimit-Reset-long: 10
ETag: W/"101-KZQj3324xIStyev9Ce5OFLMoCnE"

{
    "message": "SpinRewards Updated Successfully",
    "data": {
        "_id": "6870be5ce3e6c2cd450704a7",
        "sectionNumber": 15,
        "rewardType": "Ticket",
        "rewardShortCode": "Ticket",
        "quantity": 100,
        "createdAt": "2025-07-11T07:33:48.273Z",
        "updatedAt": "2025-07-11T07:33:50.302Z",
        "__v": 0
    }
}
[INFO ] 2025-07-11 12:34:18.415 [main] BingoAutomation - Spin Reward Updated Successfully
Name of test method sucessfully executed:testadminspinrewardupdate
]]></system-out>
  </testcase>
  <testcase name="testadminspinrewarddelete" classname="api.testcases.Adminspinrewardtestcase" time="2.551">
    <system-out><![CDATA[Name of test method started:testadminspinrewarddelete
HTTP/1.1 200 OK
Server: nginx/1.18.0 (Ubuntu)
Date: Fri, 11 Jul 2025 07:33:51 GMT
Content-Type: application/json; charset=utf-8
Content-Length: 257
Connection: keep-alive
X-Powered-By: Express
Access-Control-Allow-Origin: *
X-RateLimit-Limit-short: 10
X-RateLimit-Remaining-short: 9
X-RateLimit-Reset-short: 1
X-RateLimit-Limit-long: 10000
X-RateLimit-Remaining-long: 9999
X-RateLimit-Reset-long: 10
ETag: W/"101-CcNDpd+CW1kaQfVdgqiSXbdKNmc"

{
    "message": "SpinRewards Deleted Successfully",
    "data": {
        "_id": "6870be5ae3e6c2cd450704a1",
        "sectionNumber": 13,
        "rewardType": "Ticket",
        "rewardShortCode": "Ticket",
        "quantity": 500,
        "createdAt": "2025-07-11T07:33:46.991Z",
        "updatedAt": "2025-07-11T07:33:46.991Z",
        "__v": 0
    }
}
HTTP/1.1 200 OK
Server: nginx/1.18.0 (Ubuntu)
Date: Fri, 11 Jul 2025 07:33:52 GMT
Content-Type: application/json; charset=utf-8
Content-Length: 256
Connection: keep-alive
X-Powered-By: Express
Access-Control-Allow-Origin: *
X-RateLimit-Limit-short: 10
X-RateLimit-Remaining-short: 8
X-RateLimit-Reset-short: 1
X-RateLimit-Limit-long: 10000
X-RateLimit-Remaining-long: 9998
X-RateLimit-Reset-long: 10
ETag: W/"100-4wJeR3jRYJu1ehtaveMcijNGR3Y"

{
    "message": "SpinRewards Deleted Successfully",
    "data": {
        "_id": "6870be5be3e6c2cd450704a4",
        "sectionNumber": 14,
        "rewardType": "Ticket",
        "rewardShortCode": "Ticket",
        "quantity": 60,
        "createdAt": "2025-07-11T07:33:47.654Z",
        "updatedAt": "2025-07-11T07:33:47.654Z",
        "__v": 0
    }
}
HTTP/1.1 200 OK
Server: nginx/1.18.0 (Ubuntu)
Date: Fri, 11 Jul 2025 07:33:52 GMT
Content-Type: application/json; charset=utf-8
Content-Length: 257
Connection: keep-alive
X-Powered-By: Express
Access-Control-Allow-Origin: *
X-RateLimit-Limit-short: 10
X-RateLimit-Remaining-short: 8
X-RateLimit-Reset-short: 1
X-RateLimit-Limit-long: 10000
X-RateLimit-Remaining-long: 9997
X-RateLimit-Reset-long: 9
ETag: W/"101-zvNt3Nni+S+EmeakljWtl/R+hEo"

{
    "message": "SpinRewards Deleted Successfully",
    "data": {
        "_id": "6870be5ce3e6c2cd450704a7",
        "sectionNumber": 15,
        "rewardType": "Ticket",
        "rewardShortCode": "Ticket",
        "quantity": 100,
        "createdAt": "2025-07-11T07:33:48.273Z",
        "updatedAt": "2025-07-11T07:33:50.302Z",
        "__v": 0
    }
}
[INFO ] 2025-07-11 12:34:20.967 [main] BingoAutomation - Spin Reward Deleted Successfully
Name of test method sucessfully executed:testadminspinrewarddelete
]]></system-out>
  </testcase>
</testsuite>