<?xml version="1.0" encoding="UTF-8"?>
<testng-results ignored="0" total="34" passed="34" failed="0" skipped="0">
  <reporter-output>
  </reporter-output>
  <suite started-at="2025-07-11T12:32:06 PKT" name="Suite" finished-at="2025-07-11T12:34:20 PKT" duration-ms="134452">
    <groups>
    </groups>
    <test started-at="2025-07-11T12:32:06 PKT" name="BingoAdminPanel" finished-at="2025-07-11T12:34:20 PKT" duration-ms="134452">
      <class name="api.testcases.Adminspinrewardtestcase">
        <test-method is-config="true" signature="generateusertestdata()[pri:0, instance:api.testcases.Adminspinrewardtestcase@79e2c065]" started-at="2025-07-11T12:34:06 PKT" name="generateusertestdata" finished-at="2025-07-11T12:34:14 PKT" duration-ms="7705" status="PASS">
          <reporter-output>
          </reporter-output>
        </test-method> <!-- generateusertestdata -->
        <test-method signature="testadminspinrewardcreate(java.lang.String,java.lang.String,java.lang.String,java.lang.String)[pri:1, instance:api.testcases.Adminspinrewardtestcase@79e2c065]" started-at="2025-07-11T12:34:14 PKT" name="testadminspinrewardcreate" data-provider="Spinrewarddata" finished-at="2025-07-11T12:34:15 PKT" duration-ms="635" status="PASS">
          <params>
            <param index="0">
              <value>
                <![CDATA[13.0]]>
              </value>
            </param>
            <param index="1">
              <value>
                <![CDATA[Ticket]]>
              </value>
            </param>
            <param index="2">
              <value>
                <![CDATA[Ticket]]>
              </value>
            </param>
            <param index="3">
              <value>
                <![CDATA[500.0]]>
              </value>
            </param>
          </params>
          <reporter-output>
          </reporter-output>
        </test-method> <!-- testadminspinrewardcreate -->
        <test-method signature="testadminspinrewardcreate(java.lang.String,java.lang.String,java.lang.String,java.lang.String)[pri:1, instance:api.testcases.Adminspinrewardtestcase@79e2c065]" started-at="2025-07-11T12:34:15 PKT" name="testadminspinrewardcreate" data-provider="Spinrewarddata" finished-at="2025-07-11T12:34:15 PKT" duration-ms="660" status="PASS">
          <params>
            <param index="0">
              <value>
                <![CDATA[14.0]]>
              </value>
            </param>
            <param index="1">
              <value>
                <![CDATA[Ticket]]>
              </value>
            </param>
            <param index="2">
              <value>
                <![CDATA[Ticket]]>
              </value>
            </param>
            <param index="3">
              <value>
                <![CDATA[60.0]]>
              </value>
            </param>
          </params>
          <reporter-output>
          </reporter-output>
        </test-method> <!-- testadminspinrewardcreate -->
        <test-method signature="testadminspinrewardcreate(java.lang.String,java.lang.String,java.lang.String,java.lang.String)[pri:1, instance:api.testcases.Adminspinrewardtestcase@79e2c065]" started-at="2025-07-11T12:34:15 PKT" name="testadminspinrewardcreate" data-provider="Spinrewarddata" finished-at="2025-07-11T12:34:16 PKT" duration-ms="615" status="PASS">
          <params>
            <param index="0">
              <value>
                <![CDATA[15.0]]>
              </value>
            </param>
            <param index="1">
              <value>
                <![CDATA[PowerUp]]>
              </value>
            </param>
            <param index="2">
              <value>
                <![CDATA[SingleDaub]]>
              </value>
            </param>
            <param index="3">
              <value>
                <![CDATA[5.0]]>
              </value>
            </param>
          </params>
          <reporter-output>
          </reporter-output>
        </test-method> <!-- testadminspinrewardcreate -->
        <test-method signature="testadminspinrewardfetch()[pri:2, instance:api.testcases.Adminspinrewardtestcase@79e2c065]" started-at="2025-07-11T12:34:16 PKT" name="testadminspinrewardfetch" finished-at="2025-07-11T12:34:17 PKT" duration-ms="639" status="PASS">
          <reporter-output>
          </reporter-output>
        </test-method> <!-- testadminspinrewardfetch -->
        <test-method signature="testadminspinrewardupdate(java.lang.String,java.lang.String,java.lang.String,java.lang.String)[pri:3, instance:api.testcases.Adminspinrewardtestcase@79e2c065]" started-at="2025-07-11T12:34:17 PKT" name="testadminspinrewardupdate" data-provider="Spinrewardupdatedata" finished-at="2025-07-11T12:34:18 PKT" duration-ms="1309" status="PASS">
          <params>
            <param index="0">
              <value>
                <![CDATA[15.0]]>
              </value>
            </param>
            <param index="1">
              <value>
                <![CDATA[Ticket]]>
              </value>
            </param>
            <param index="2">
              <value>
                <![CDATA[Ticket]]>
              </value>
            </param>
            <param index="3">
              <value>
                <![CDATA[100.0]]>
              </value>
            </param>
          </params>
          <reporter-output>
          </reporter-output>
        </test-method> <!-- testadminspinrewardupdate -->
        <test-method signature="testadminspinrewarddelete()[pri:4, instance:api.testcases.Adminspinrewardtestcase@79e2c065]" started-at="2025-07-11T12:34:18 PKT" name="testadminspinrewarddelete" finished-at="2025-07-11T12:34:20 PKT" duration-ms="2551" status="PASS">
          <reporter-output>
          </reporter-output>
        </test-method> <!-- testadminspinrewarddelete -->
      </class> <!-- api.testcases.Adminspinrewardtestcase -->
      <class name="api.testcases.Adminpointswagertestcase">
        <test-method is-config="true" signature="generateusertestdata()[pri:0, instance:api.testcases.Adminpointswagertestcase@72d1ad2e]" started-at="2025-07-11T12:32:47 PKT" name="generateusertestdata" finished-at="2025-07-11T12:33:03 PKT" duration-ms="15739" status="PASS">
          <reporter-output>
          </reporter-output>
        </test-method> <!-- generateusertestdata -->
        <test-method signature="testadminpointwagercreate(java.lang.String,java.lang.String,java.lang.String)[pri:1, instance:api.testcases.Adminpointswagertestcase@72d1ad2e]" started-at="2025-07-11T12:33:03 PKT" name="testadminpointwagercreate" data-provider="pointswagerdata" finished-at="2025-07-11T12:33:04 PKT" duration-ms="646" status="PASS">
          <params>
            <param index="0">
              <value>
                <![CDATA[666765.0]]>
              </value>
            </param>
            <param index="1">
              <value>
                <![CDATA[2.0]]>
              </value>
            </param>
            <param index="2">
              <value>
                <![CDATA[Ticket]]>
              </value>
            </param>
          </params>
          <reporter-output>
          </reporter-output>
        </test-method> <!-- testadminpointwagercreate -->
        <test-method signature="testadminpointwagerfetch()[pri:2, instance:api.testcases.Adminpointswagertestcase@72d1ad2e]" started-at="2025-07-11T12:33:04 PKT" name="testadminpointwagerfetch" finished-at="2025-07-11T12:33:05 PKT" duration-ms="718" status="PASS">
          <reporter-output>
          </reporter-output>
        </test-method> <!-- testadminpointwagerfetch -->
        <test-method signature="testadminpointwagerupdate(java.lang.String,java.lang.String,java.lang.String)[pri:3, instance:api.testcases.Adminpointswagertestcase@72d1ad2e]" started-at="2025-07-11T12:33:05 PKT" name="testadminpointwagerupdate" data-provider="pointswagerupdatedata" finished-at="2025-07-11T12:33:06 PKT" duration-ms="1306" status="PASS">
          <params>
            <param index="0">
              <value>
                <![CDATA[666765.0]]>
              </value>
            </param>
            <param index="1">
              <value>
                <![CDATA[5.0]]>
              </value>
            </param>
            <param index="2">
              <value>
                <![CDATA[Ticket]]>
              </value>
            </param>
          </params>
          <reporter-output>
          </reporter-output>
        </test-method> <!-- testadminpointwagerupdate -->
        <test-method signature="testadminpointwagerdelete()[pri:4, instance:api.testcases.Adminpointswagertestcase@72d1ad2e]" started-at="2025-07-11T12:33:06 PKT" name="testadminpointwagerdelete" finished-at="2025-07-11T12:33:07 PKT" duration-ms="1272" status="PASS">
          <reporter-output>
          </reporter-output>
        </test-method> <!-- testadminpointwagerdelete -->
      </class> <!-- api.testcases.Adminpointswagertestcase -->
      <class name="api.testcases.Adminavatartestcase">
        <test-method is-config="true" signature="generateusertestdata()[pri:0, instance:api.testcases.Adminavatartestcase@dd8ba08]" started-at="2025-07-11T12:32:06 PKT" name="generateusertestdata" finished-at="2025-07-11T12:32:16 PKT" duration-ms="9513" status="PASS">
          <reporter-output>
          </reporter-output>
        </test-method> <!-- generateusertestdata -->
        <test-method signature="testadminavatarcreate(java.lang.String,java.lang.String)[pri:1, instance:api.testcases.Adminavatartestcase@dd8ba08]" started-at="2025-07-11T12:32:17 PKT" name="testadminavatarcreate" data-provider="Avatardata" finished-at="2025-07-11T12:32:18 PKT" duration-ms="688" status="PASS">
          <params>
            <param index="0">
              <value>
                <![CDATA[https://encrypted-tbn0.gstatic.com/images?q=tbn:ANd9GcQ1zwhySGCEBxRRFYIcQgvOLOpRGqrT3d7Qng&s]]>
              </value>
            </param>
            <param index="1">
              <value>
                <![CDATA[true]]>
              </value>
            </param>
          </params>
          <reporter-output>
          </reporter-output>
        </test-method> <!-- testadminavatarcreate -->
        <test-method signature="testadminavatarcreate(java.lang.String,java.lang.String)[pri:1, instance:api.testcases.Adminavatartestcase@dd8ba08]" started-at="2025-07-11T12:32:18 PKT" name="testadminavatarcreate" data-provider="Avatardata" finished-at="2025-07-11T12:32:18 PKT" duration-ms="673" status="PASS">
          <params>
            <param index="0">
              <value>
                <![CDATA[https://encrypted-tbn0.gstatic.com/images?q=tbn:ANd9GcR9SRRmhH4X5N2e4QalcoxVbzYsD44C-sQv-w&s]]>
              </value>
            </param>
            <param index="1">
              <value>
                <![CDATA[false]]>
              </value>
            </param>
          </params>
          <reporter-output>
          </reporter-output>
        </test-method> <!-- testadminavatarcreate -->
        <test-method signature="testadminavatarfetch()[pri:2, instance:api.testcases.Adminavatartestcase@dd8ba08]" started-at="2025-07-11T12:32:18 PKT" name="testadminavatarfetch" finished-at="2025-07-11T12:32:19 PKT" duration-ms="698" status="PASS">
          <reporter-output>
          </reporter-output>
        </test-method> <!-- testadminavatarfetch -->
        <test-method signature="testadminavatarupdate(java.lang.String,java.lang.String)[pri:3, instance:api.testcases.Adminavatartestcase@dd8ba08]" started-at="2025-07-11T12:32:19 PKT" name="testadminavatarupdate" data-provider="Avatarupdatedata" finished-at="2025-07-11T12:32:21 PKT" duration-ms="1405" status="PASS">
          <params>
            <param index="0">
              <value>
                <![CDATA[https://cdn.pixabay.com/photo/2018/08/04/11/30/draw-3583548_1280.png]]>
              </value>
            </param>
            <param index="1">
              <value>
                <![CDATA[true]]>
              </value>
            </param>
          </params>
          <reporter-output>
          </reporter-output>
        </test-method> <!-- testadminavatarupdate -->
        <test-method signature="testadminavatardelete()[pri:4, instance:api.testcases.Adminavatartestcase@dd8ba08]" started-at="2025-07-11T12:32:21 PKT" name="testadminavatardelete" finished-at="2025-07-11T12:32:23 PKT" duration-ms="1878" status="PASS">
          <reporter-output>
          </reporter-output>
        </test-method> <!-- testadminavatardelete -->
      </class> <!-- api.testcases.Adminavatartestcase -->
      <class name="api.testcases.Admindailyrewardtestcase">
        <test-method is-config="true" signature="generateusertestdata()[pri:0, instance:api.testcases.Admindailyrewardtestcase@38c6f217]" started-at="2025-07-11T12:33:43 PKT" name="generateusertestdata" finished-at="2025-07-11T12:33:51 PKT" duration-ms="7705" status="PASS">
          <reporter-output>
          </reporter-output>
        </test-method> <!-- generateusertestdata -->
        <test-method signature="testadmindailyrewardcreate(java.lang.String,java.lang.String,java.lang.String,java.lang.String)[pri:1, instance:api.testcases.Admindailyrewardtestcase@38c6f217]" started-at="2025-07-11T12:33:51 PKT" name="testadmindailyrewardcreate" data-provider="Dailyrewarddata" finished-at="2025-07-11T12:33:52 PKT" duration-ms="613" status="PASS">
          <params>
            <param index="0">
              <value>
                <![CDATA[38.0]]>
              </value>
            </param>
            <param index="1">
              <value>
                <![CDATA[PowerUp]]>
              </value>
            </param>
            <param index="2">
              <value>
                <![CDATA[Gems]]>
              </value>
            </param>
            <param index="3">
              <value>
                <![CDATA[3.0]]>
              </value>
            </param>
          </params>
          <reporter-output>
          </reporter-output>
        </test-method> <!-- testadmindailyrewardcreate -->
        <test-method signature="testadmindailyrewardcreate(java.lang.String,java.lang.String,java.lang.String,java.lang.String)[pri:1, instance:api.testcases.Admindailyrewardtestcase@38c6f217]" started-at="2025-07-11T12:33:52 PKT" name="testadmindailyrewardcreate" data-provider="Dailyrewarddata" finished-at="2025-07-11T12:33:53 PKT" duration-ms="622" status="PASS">
          <params>
            <param index="0">
              <value>
                <![CDATA[39.0]]>
              </value>
            </param>
            <param index="1">
              <value>
                <![CDATA[Ticket]]>
              </value>
            </param>
            <param index="2">
              <value>
                <![CDATA[Ticket]]>
              </value>
            </param>
            <param index="3">
              <value>
                <![CDATA[500.0]]>
              </value>
            </param>
          </params>
          <reporter-output>
          </reporter-output>
        </test-method> <!-- testadmindailyrewardcreate -->
        <test-method signature="testadmindailyrewardcreate(java.lang.String,java.lang.String,java.lang.String,java.lang.String)[pri:1, instance:api.testcases.Admindailyrewardtestcase@38c6f217]" started-at="2025-07-11T12:33:53 PKT" name="testadmindailyrewardcreate" data-provider="Dailyrewarddata" finished-at="2025-07-11T12:33:53 PKT" duration-ms="634" status="PASS">
          <params>
            <param index="0">
              <value>
                <![CDATA[40.0]]>
              </value>
            </param>
            <param index="1">
              <value>
                <![CDATA[Chest]]>
              </value>
            </param>
            <param index="2">
              <value>
                <![CDATA[T1Chest]]>
              </value>
            </param>
            <param index="3">
              <value>
                <![CDATA[4.0]]>
              </value>
            </param>
          </params>
          <reporter-output>
          </reporter-output>
        </test-method> <!-- testadmindailyrewardcreate -->
        <test-method signature="testadmindailyrewardfetch()[pri:2, instance:api.testcases.Admindailyrewardtestcase@38c6f217]" started-at="2025-07-11T12:33:53 PKT" name="testadmindailyrewardfetch" finished-at="2025-07-11T12:33:54 PKT" duration-ms="646" status="PASS">
          <reporter-output>
          </reporter-output>
        </test-method> <!-- testadmindailyrewardfetch -->
        <test-method signature="testadmindailyrewardupdate(java.lang.String,java.lang.String,java.lang.String,java.lang.String)[pri:3, instance:api.testcases.Admindailyrewardtestcase@38c6f217]" started-at="2025-07-11T12:33:54 PKT" name="testadmindailyrewardupdate" data-provider="Dailyrewardupdatedata" finished-at="2025-07-11T12:33:55 PKT" duration-ms="1303" status="PASS">
          <params>
            <param index="0">
              <value>
                <![CDATA[1.0]]>
              </value>
            </param>
            <param index="1">
              <value>
                <![CDATA[PowerUp]]>
              </value>
            </param>
            <param index="2">
              <value>
                <![CDATA[X2PointsAll]]>
              </value>
            </param>
            <param index="3">
              <value>
                <![CDATA[6.0]]>
              </value>
            </param>
          </params>
          <reporter-output>
          </reporter-output>
        </test-method> <!-- testadmindailyrewardupdate -->
        <test-method signature="testadmindailyrewarddelete()[pri:4, instance:api.testcases.Admindailyrewardtestcase@38c6f217]" started-at="2025-07-11T12:33:55 PKT" name="testadmindailyrewarddelete" finished-at="2025-07-11T12:33:58 PKT" duration-ms="2532" status="PASS">
          <reporter-output>
          </reporter-output>
        </test-method> <!-- testadmindailyrewarddelete -->
      </class> <!-- api.testcases.Admindailyrewardtestcase -->
      <class name="api.testcases.Admincurrencytestcase">
        <test-method is-config="true" signature="generateusertestdata()[pri:0, instance:api.testcases.Admincurrencytestcase@595b007d]" started-at="2025-07-11T12:32:41 PKT" name="generateusertestdata" finished-at="2025-07-11T12:32:45 PKT" duration-ms="4736" status="PASS">
          <reporter-output>
          </reporter-output>
        </test-method> <!-- generateusertestdata -->
        <test-method signature="testadmincurrencyfetch()[pri:1, instance:api.testcases.Admincurrencytestcase@595b007d]" started-at="2025-07-11T12:32:45 PKT" name="testadmincurrencyfetch" finished-at="2025-07-11T12:32:46 PKT" duration-ms="628" status="PASS">
          <reporter-output>
          </reporter-output>
        </test-method> <!-- testadmincurrencyfetch -->
        <test-method signature="testadmicurrencyupdate(java.lang.String,java.lang.String,java.lang.String,java.lang.String,java.lang.String)[pri:2, instance:api.testcases.Admincurrencytestcase@595b007d]" started-at="2025-07-11T12:32:46 PKT" name="testadmicurrencyupdate" data-provider="Currencydata" finished-at="2025-07-11T12:32:47 PKT" duration-ms="1289" status="PASS">
          <params>
            <param index="0">
              <value>
                <![CDATA[https://encrypted-tbn0.gstatic.com/images?q=tbn:ANd9GcQ1zwhySGCEBxRRFYIcQgvOLOpRGqrT3d7Qng&s]]>
              </value>
            </param>
            <param index="1">
              <value>
                <![CDATA[https://encrypted-tbn0.gstatic.com/images?q=tbn:ANd9GcQ1zwhySGCEBxRRFYIcQgvOLOpRGqrT3d7Qng&s]]>
              </value>
            </param>
            <param index="2">
              <value>
                <![CDATA[lorem ipsum3sdas]]>
              </value>
            </param>
            <param index="3">
              <value>
                <![CDATA[Ticket]]>
              </value>
            </param>
            <param index="4">
              <value>
                <![CDATA[0.0]]>
              </value>
            </param>
          </params>
          <reporter-output>
          </reporter-output>
        </test-method> <!-- testadmicurrencyupdate -->
      </class> <!-- api.testcases.Admincurrencytestcase -->
      <class name="api.testcases.Adminpoweruptestcase">
        <test-method is-config="true" signature="generateusertestdata()[pri:0, instance:api.testcases.Adminpoweruptestcase@399f45b1]" started-at="2025-07-11T12:33:28 PKT" name="generateusertestdata" finished-at="2025-07-11T12:33:36 PKT" duration-ms="7715" status="PASS">
          <reporter-output>
          </reporter-output>
        </test-method> <!-- generateusertestdata -->
        <test-method signature="testadminpowerupcreate(java.lang.String,java.lang.String,java.lang.String,java.lang.String,java.lang.String,java.lang.String,java.lang.String)[pri:1, instance:api.testcases.Adminpoweruptestcase@399f45b1]" started-at="2025-07-11T12:33:37 PKT" name="testadminpowerupcreate" data-provider="Powerupsdata" finished-at="2025-07-11T12:33:37 PKT" duration-ms="652" status="PASS">
          <params>
            <param index="0">
              <value>
                <![CDATA[New Powerup]]>
              </value>
            </param>
            <param index="1">
              <value>
                <![CDATA[New Powerup]]>
              </value>
            </param>
            <param index="2">
              <value>
                <![CDATA[https://gratisography.com/wp-content/uploads/2024/11/gratisography-augmented-reality-800x525.jpg]]>
              </value>
            </param>
            <param index="3">
              <value>
                <![CDATA[https://gratisography.com/wp-content/uploads/2024/11/gratisography-augmented-reality-800x525.jpg]]>
              </value>
            </param>
            <param index="4">
              <value>
                <![CDATA[Special]]>
              </value>
            </param>
            <param index="5">
              <value>
                <![CDATA[1.0]]>
              </value>
            </param>
            <param index="6">
              <value>
                <![CDATA[asd]]>
              </value>
            </param>
          </params>
          <reporter-output>
          </reporter-output>
        </test-method> <!-- testadminpowerupcreate -->
        <test-method signature="testadminpowerupcreate(java.lang.String,java.lang.String,java.lang.String,java.lang.String,java.lang.String,java.lang.String,java.lang.String)[pri:1, instance:api.testcases.Adminpoweruptestcase@399f45b1]" started-at="2025-07-11T12:33:37 PKT" name="testadminpowerupcreate" data-provider="Powerupsdata" finished-at="2025-07-11T12:33:38 PKT" duration-ms="650" status="PASS">
          <params>
            <param index="0">
              <value>
                <![CDATA[New Powerup2]]>
              </value>
            </param>
            <param index="1">
              <value>
                <![CDATA[New Powerup2]]>
              </value>
            </param>
            <param index="2">
              <value>
                <![CDATA[https://cdn.pixabay.com/photo/2024/05/26/10/15/bird-8788491_1280.jpg]]>
              </value>
            </param>
            <param index="3">
              <value>
                <![CDATA[https://cdn.pixabay.com/photo/2024/05/26/10/15/bird-8788491_1280.jpg]]>
              </value>
            </param>
            <param index="4">
              <value>
                <![CDATA[Rare]]>
              </value>
            </param>
            <param index="5">
              <value>
                <![CDATA[1.0]]>
              </value>
            </param>
            <param index="6">
              <value>
                <![CDATA[sdas]]>
              </value>
            </param>
          </params>
          <reporter-output>
          </reporter-output>
        </test-method> <!-- testadminpowerupcreate -->
        <test-method signature="testadminpowerupcreate(java.lang.String,java.lang.String,java.lang.String,java.lang.String,java.lang.String,java.lang.String,java.lang.String)[pri:1, instance:api.testcases.Adminpoweruptestcase@399f45b1]" started-at="2025-07-11T12:33:38 PKT" name="testadminpowerupcreate" data-provider="Powerupsdata" finished-at="2025-07-11T12:33:39 PKT" duration-ms="640" status="PASS">
          <params>
            <param index="0">
              <value>
                <![CDATA[New Powerup3]]>
              </value>
            </param>
            <param index="1">
              <value>
                <![CDATA[New Powerup3]]>
              </value>
            </param>
            <param index="2">
              <value>
                <![CDATA[https://images.ctfassets.net/hrltx12pl8hq/28ECAQiPJZ78hxatLTa7Ts/2f695d869736ae3b0de3e56ceaca3958/free-nature-images.jpg?fit=fill&w=1200&h=630]]>
              </value>
            </param>
            <param index="3">
              <value>
                <![CDATA[https://images.ctfassets.net/hrltx12pl8hq/28ECAQiPJZ78hxatLTa7Ts/2f695d869736ae3b0de3e56ceaca3958/free-nature-images.jpg?fit=fill&w=1200&h=630]]>
              </value>
            </param>
            <param index="4">
              <value>
                <![CDATA[Common]]>
              </value>
            </param>
            <param index="5">
              <value>
                <![CDATA[0.0]]>
              </value>
            </param>
            <param index="6">
              <value>
                <![CDATA[sdasdasddsa]]>
              </value>
            </param>
          </params>
          <reporter-output>
          </reporter-output>
        </test-method> <!-- testadminpowerupcreate -->
        <test-method signature="testadminpowerupfetch()[pri:2, instance:api.testcases.Adminpoweruptestcase@399f45b1]" started-at="2025-07-11T12:33:39 PKT" name="testadminpowerupfetch" finished-at="2025-07-11T12:33:39 PKT" duration-ms="661" status="PASS">
          <reporter-output>
          </reporter-output>
        </test-method> <!-- testadminpowerupfetch -->
        <test-method signature="testadminpowerupupdate(java.lang.String,java.lang.String,java.lang.String,java.lang.String,java.lang.String,java.lang.String)[pri:3, instance:api.testcases.Adminpoweruptestcase@399f45b1]" started-at="2025-07-11T12:33:39 PKT" name="testadminpowerupupdate" data-provider="Powerupsupdatedata" finished-at="2025-07-11T12:33:41 PKT" duration-ms="1301" status="PASS">
          <params>
            <param index="0">
              <value>
                <![CDATA[New Powerup]]>
              </value>
            </param>
            <param index="1">
              <value>
                <![CDATA[https://gratisography.com/wp-content/uploads/2024/11/gratisography-augmented-reality-800x525.jpg]]>
              </value>
            </param>
            <param index="2">
              <value>
                <![CDATA[https://gratisography.com/wp-content/uploads/2024/11/gratisography-augmented-reality-800x525.jpg]]>
              </value>
            </param>
            <param index="3">
              <value>
                <![CDATA[lorem ipsum]]>
              </value>
            </param>
            <param index="4">
              <value>
                <![CDATA[Special]]>
              </value>
            </param>
            <param index="5">
              <value>
                <![CDATA[1.0]]>
              </value>
            </param>
          </params>
          <reporter-output>
          </reporter-output>
        </test-method> <!-- testadminpowerupupdate -->
        <test-method signature="testadminpowerpdelete()[pri:4, instance:api.testcases.Adminpoweruptestcase@399f45b1]" started-at="2025-07-11T12:33:41 PKT" name="testadminpowerpdelete" finished-at="2025-07-11T12:33:43 PKT" duration-ms="2592" status="PASS">
          <reporter-output>
          </reporter-output>
        </test-method> <!-- testadminpowerpdelete -->
      </class> <!-- api.testcases.Adminpoweruptestcase -->
      <class name="api.testcases.Adminsignintestcase">
        <test-method signature="testadminsignin(java.lang.String,java.lang.String)[pri:0, instance:api.testcases.Adminsignintestcase@2d7275fc]" started-at="2025-07-11T12:33:08 PKT" name="testadminsignin" data-provider="Signindata" finished-at="2025-07-11T12:33:28 PKT" duration-ms="20738" status="PASS">
          <params>
            <param index="0">
              <value>
                <![CDATA[admin@hpl.com]]>
              </value>
            </param>
            <param index="1">
              <value>
                <![CDATA[Ali12345?!]]>
              </value>
            </param>
          </params>
          <reporter-output>
          </reporter-output>
        </test-method> <!-- testadminsignin -->
      </class> <!-- api.testcases.Adminsignintestcase -->
      <class name="api.testcases.Admindashboardtestcase">
        <test-method is-config="true" signature="generateusertestdata()[pri:0, instance:api.testcases.Admindashboardtestcase@16293aa2]" started-at="2025-07-11T12:32:23 PKT" name="generateusertestdata" finished-at="2025-07-11T12:32:33 PKT" duration-ms="10011" status="PASS">
          <reporter-output>
          </reporter-output>
        </test-method> <!-- generateusertestdata -->
        <test-method signature="testadmindashboard()[pri:0, instance:api.testcases.Admindashboardtestcase@16293aa2]" started-at="2025-07-11T12:32:33 PKT" name="testadmindashboard" finished-at="2025-07-11T12:32:34 PKT" duration-ms="1314" status="PASS">
          <reporter-output>
          </reporter-output>
        </test-method> <!-- testadmindashboard -->
      </class> <!-- api.testcases.Admindashboardtestcase -->
      <class name="api.testcases.Adminleaderboardtestcase">
        <test-method is-config="true" signature="generateusertestdata()[pri:0, instance:api.testcases.Adminleaderboardtestcase@478190fc]" started-at="2025-07-11T12:33:58 PKT" name="generateusertestdata" finished-at="2025-07-11T12:34:05 PKT" duration-ms="7013" status="PASS">
          <reporter-output>
          </reporter-output>
        </test-method> <!-- generateusertestdata -->
        <test-method signature="testadminleaderboard()[pri:0, instance:api.testcases.Adminleaderboardtestcase@478190fc]" started-at="2025-07-11T12:34:05 PKT" name="testadminleaderboard" finished-at="2025-07-11T12:34:06 PKT" duration-ms="1296" status="PASS">
          <reporter-output>
          </reporter-output>
        </test-method> <!-- testadminleaderboard -->
      </class> <!-- api.testcases.Adminleaderboardtestcase -->
      <class name="api.testcases.Adminusertestcase">
        <test-method is-config="true" signature="generateusertestdata()[pri:0, instance:api.testcases.Adminusertestcase@5158b42f]" started-at="2025-07-11T12:32:34 PKT" name="generateusertestdata" finished-at="2025-07-11T12:32:39 PKT" duration-ms="4729" status="PASS">
          <reporter-output>
          </reporter-output>
        </test-method> <!-- generateusertestdata -->
        <test-method signature="testadminuserfetch()[pri:1, instance:api.testcases.Adminusertestcase@5158b42f]" started-at="2025-07-11T12:32:39 PKT" name="testadminuserfetch" finished-at="2025-07-11T12:32:39 PKT" duration-ms="643" status="PASS">
          <reporter-output>
          </reporter-output>
        </test-method> <!-- testadminuserfetch -->
        <test-method signature="testadminuserfetchbyid()[pri:2, instance:api.testcases.Adminusertestcase@5158b42f]" started-at="2025-07-11T12:32:39 PKT" name="testadminuserfetchbyid" finished-at="2025-07-11T12:32:41 PKT" duration-ms="1356" status="PASS">
          <reporter-output>
          </reporter-output>
        </test-method> <!-- testadminuserfetchbyid -->
      </class> <!-- api.testcases.Adminusertestcase -->
    </test> <!-- BingoAdminPanel -->
  </suite> <!-- Suite -->
</testng-results>
