<?xml version="1.0" encoding="UTF-8"?>
<testng-results ignored="0" total="1" passed="1" failed="0" skipped="0">
  <reporter-output>
  </reporter-output>
  <suite started-at="2025-07-11T13:36:25 PKT" name="Default suite" finished-at="2025-07-11T13:36:31 PKT" duration-ms="6762">
    <groups>
    </groups>
    <test started-at="2025-07-11T13:36:25 PKT" name="Default test" finished-at="2025-07-11T13:36:31 PKT" duration-ms="6762">
      <class name="api.testcases.Adminsignintestcase">
        <test-method signature="testadminsignin(java.lang.String,java.lang.String)[pri:0, instance:api.testcases.Adminsignintestcase@49139829]" started-at="2025-07-11T13:36:27 PKT" name="testadminsignin" data-provider="Signindata" finished-at="2025-07-11T13:36:31 PKT" duration-ms="4395" status="PASS">
          <params>
            <param index="0">
              <value>
                <![CDATA[admin@hpl.com]]>
              </value>
            </param>
            <param index="1">
              <value>
                <![CDATA[Ali12345?!]]>
              </value>
            </param>
          </params>
          <reporter-output>
          </reporter-output>
        </test-method> <!-- testadminsignin -->
      </class> <!-- api.testcases.Adminsignintestcase -->
    </test> <!-- Default test -->
  </suite> <!-- Default suite -->
</testng-results>
