<?xml version="1.0" encoding="UTF-8"?>
<!-- Generated by org.testng.reporters.JUnitReportReporter -->
<testsuite hostname="Tanveer-QA" failures="0" tests="2" name="api.testcases.Adminusertestcase" time="1.904" errors="0" timestamp="2025-07-11T12:25:41 PKT" skipped="0">
  <testcase classname="api.testcases.Adminusertestcase" name="testadminuserfetch" time="0.617"/>
  <testcase classname="api.testcases.Adminusertestcase" name="testadminuserfetchbyid" time="1.287"/>
</testsuite> <!-- api.testcases.Adminusertestcase -->
