<?xml version="1.0" encoding="UTF-8"?>
<!-- Generated by org.testng.reporters.JUnitReportReporter -->
<testsuite hostname="Tanveer-QA" failures="0" tests="2" name="api.testcases.Admincurrencytestcase" time="1.946" errors="0" timestamp="2025-07-11T12:25:41 PKT" skipped="0">
  <testcase classname="api.testcases.Admincurrencytestcase" name="testadmincurrencyfetch" time="0.626"/>
  <testcase classname="api.testcases.Admincurrencytestcase" name="testadmicurrencyupdate" time="1.320"/>
</testsuite> <!-- api.testcases.Admincurrencytestcase -->
