<?xml version="1.0" encoding="UTF-8"?>
<!-- Generated by org.testng.reporters.JUnitReportReporter -->
<testsuite hostname="Tanveer-QA" failures="0" tests="6" name="api.testcases.Adminspinrewardtestcase" time="7.393" errors="0" timestamp="2025-07-11T13:44:44 PKT" skipped="0">
  <testcase classname="api.testcases.Adminspinrewardtestcase" name="testadminspinrewardcreate" time="0.615"/>
  <testcase classname="api.testcases.Adminspinrewardtestcase" name="testadminspinrewardcreate" time="0.713"/>
  <testcase classname="api.testcases.Adminspinrewardtestcase" name="testadminspinrewardcreate" time="0.653"/>
  <testcase classname="api.testcases.Adminspinrewardtestcase" name="testadminspinrewardfetch" time="0.697"/>
  <testcase classname="api.testcases.Adminspinrewardtestcase" name="testadminspinrewardupdate" time="1.367"/>
  <testcase classname="api.testcases.Adminspinrewardtestcase" name="testadminspinrewarddelete" time="3.348"/>
</testsuite> <!-- api.testcases.Adminspinrewardtestcase -->
