<?xml version="1.0" encoding="UTF-8"?>
<!-- Generated by org.testng.reporters.JUnitReportReporter -->
<testsuite hostname="Tanveer-QA" failures="0" tests="2" name="api.testcases.Adminusertestcase" time="2.165" errors="0" timestamp="2025-07-11T13:44:44 PKT" skipped="0">
  <testcase classname="api.testcases.Adminusertestcase" name="testadminuserfetch" time="0.690"/>
  <testcase classname="api.testcases.Adminusertestcase" name="testadminuserfetchbyid" time="1.475"/>
</testsuite> <!-- api.testcases.Adminusertestcase -->
