<?xml version="1.0" encoding="UTF-8"?>
<!-- Generated by org.testng.reporters.JUnitReportReporter -->
<testsuite hostname="Tanveer-QA" failures="0" tests="6" name="api.testcases.Admindailyrewardtestcase" time="6.350" errors="0" timestamp="2025-07-11T12:34:21 PKT" skipped="0">
  <testcase classname="api.testcases.Admindailyrewardtestcase" name="testadmindailyrewardcreate" time="0.634"/>
  <testcase classname="api.testcases.Admindailyrewardtestcase" name="testadmindailyrewardcreate" time="0.622"/>
  <testcase classname="api.testcases.Admindailyrewardtestcase" name="testadmindailyrewardcreate" time="0.613"/>
  <testcase classname="api.testcases.Admindailyrewardtestcase" name="testadmindailyrewardfetch" time="0.646"/>
  <testcase classname="api.testcases.Admindailyrewardtestcase" name="testadmindailyrewardupdate" time="1.303"/>
  <testcase classname="api.testcases.Admindailyrewardtestcase" name="testadmindailyrewarddelete" time="2.532"/>
</testsuite> <!-- api.testcases.Admindailyrewardtestcase -->
