<?xml version="1.0" encoding="UTF-8"?>
<!-- Generated by org.testng.reporters.JUnitReportReporter -->
<testsuite hostname="Tanveer-QA" failures="0" tests="4" name="api.testcases.Adminpointswagertestcase" time="3.942" errors="0" timestamp="2025-07-11T12:34:21 PKT" skipped="0">
  <testcase classname="api.testcases.Adminpointswagertestcase" name="testadminpointwagercreate" time="0.646"/>
  <testcase classname="api.testcases.Adminpointswagertestcase" name="testadminpointwagerfetch" time="0.718"/>
  <testcase classname="api.testcases.Adminpointswagertestcase" name="testadminpointwagerupdate" time="1.306"/>
  <testcase classname="api.testcases.Adminpointswagertestcase" name="testadminpointwagerdelete" time="1.272"/>
</testsuite> <!-- api.testcases.Adminpointswagertestcase -->
