<?xml version="1.0" encoding="UTF-8"?>
<!-- Generated by org.testng.reporters.JUnitReportReporter -->
<testsuite hostname="Tanveer-QA" failures="0" tests="5" name="api.testcases.Adminavatartestcase" time="5.342" errors="0" timestamp="2025-07-11T12:34:21 PKT" skipped="0">
  <testcase classname="api.testcases.Adminavatartestcase" name="testadminavatarcreate" time="0.673"/>
  <testcase classname="api.testcases.Adminavatartestcase" name="testadminavatarcreate" time="0.688"/>
  <testcase classname="api.testcases.Adminavatartestcase" name="testadminavatarfetch" time="0.698"/>
  <testcase classname="api.testcases.Adminavatartestcase" name="testadminavatarupdate" time="1.405"/>
  <testcase classname="api.testcases.Adminavatartestcase" name="testadminavatardelete" time="1.878"/>
</testsuite> <!-- api.testcases.Adminavatartestcase -->
