<?xml version="1.0" encoding="UTF-8"?>
<!-- Generated by org.testng.reporters.JUnitReportReporter -->
<testsuite hostname="Tanveer-QA" failures="0" tests="6" name="api.testcases.Adminspinrewardtestcase" time="6.409" errors="0" timestamp="2025-07-11T12:34:21 PKT" skipped="0">
  <testcase classname="api.testcases.Adminspinrewardtestcase" name="testadminspinrewardcreate" time="0.660"/>
  <testcase classname="api.testcases.Adminspinrewardtestcase" name="testadminspinrewardcreate" time="0.615"/>
  <testcase classname="api.testcases.Adminspinrewardtestcase" name="testadminspinrewardcreate" time="0.635"/>
  <testcase classname="api.testcases.Adminspinrewardtestcase" name="testadminspinrewardfetch" time="0.639"/>
  <testcase classname="api.testcases.Adminspinrewardtestcase" name="testadminspinrewardupdate" time="1.309"/>
  <testcase classname="api.testcases.Adminspinrewardtestcase" name="testadminspinrewarddelete" time="2.551"/>
</testsuite> <!-- api.testcases.Adminspinrewardtestcase -->
